**WARNING** ReactOnRails: ReactOnRails gem and node package MAJOR versions do not match
                     gem: 6.0.5
            node package: 8.0.5
Ensure the installed MAJOR version of the gem is the same as the MAJOR version of 
your installed node package.
**WARNING** ReactOnRails: ReactOnRails gem and node package MAJOR versions do not match
                     gem: 6.0.5
            node package: 8.0.5
Ensure the installed MAJOR version of the gem is the same as the MAJOR version of 
your installed node package.


Started GET "/" for 127.0.0.1 at 2017-10-24 19:16:21 -0500

PG::ConnectionBad (could not connect to server: No such file or directory
	Is the server running locally and accepting
	connections on Unix domain socket "/var/pgsql_socket/.s.PGSQL.5432"?
):
  activerecord (4.2.5) lib/active_record/connection_adapters/postgresql_adapter.rb:651:in `initialize'
  activerecord (4.2.5) lib/active_record/connection_adapters/postgresql_adapter.rb:651:in `new'
  activerecord (4.2.5) lib/active_record/connection_adapters/postgresql_adapter.rb:651:in `connect'
  activerecord (4.2.5) lib/active_record/connection_adapters/postgresql_adapter.rb:242:in `initialize'
  activerecord (4.2.5) lib/active_record/connection_adapters/postgresql_adapter.rb:44:in `new'
  activerecord (4.2.5) lib/active_record/connection_adapters/postgresql_adapter.rb:44:in `postgresql_connection'
  activerecord (4.2.5) lib/active_record/connection_adapters/abstract/connection_pool.rb:438:in `new_connection'
  activerecord (4.2.5) lib/active_record/connection_adapters/abstract/connection_pool.rb:448:in `checkout_new_connection'
  activerecord (4.2.5) lib/active_record/connection_adapters/abstract/connection_pool.rb:422:in `acquire_connection'
  activerecord (4.2.5) lib/active_record/connection_adapters/abstract/connection_pool.rb:349:in `block in checkout'
  /Users/mswieboda/.rbenv/versions/2.3.4/lib/ruby/2.3.0/monitor.rb:214:in `mon_synchronize'
  activerecord (4.2.5) lib/active_record/connection_adapters/abstract/connection_pool.rb:348:in `checkout'
  activerecord (4.2.5) lib/active_record/connection_adapters/abstract/connection_pool.rb:263:in `block in connection'
  /Users/mswieboda/.rbenv/versions/2.3.4/lib/ruby/2.3.0/monitor.rb:214:in `mon_synchronize'
  activerecord (4.2.5) lib/active_record/connection_adapters/abstract/connection_pool.rb:262:in `connection'
  activerecord (4.2.5) lib/active_record/connection_adapters/abstract/connection_pool.rb:571:in `retrieve_connection'
  activerecord (4.2.5) lib/active_record/connection_handling.rb:113:in `retrieve_connection'
  activerecord (4.2.5) lib/active_record/connection_handling.rb:87:in `connection'
  activerecord (4.2.5) lib/active_record/migration.rb:383:in `connection'
  activerecord (4.2.5) lib/active_record/migration.rb:370:in `call'
  actionpack (4.2.5) lib/action_dispatch/middleware/callbacks.rb:29:in `block in call'
  activesupport (4.2.5) lib/active_support/callbacks.rb:88:in `__run_callbacks__'
  activesupport (4.2.5) lib/active_support/callbacks.rb:778:in `_run_call_callbacks'
  activesupport (4.2.5) lib/active_support/callbacks.rb:81:in `run_callbacks'
  actionpack (4.2.5) lib/action_dispatch/middleware/callbacks.rb:27:in `call'
  actionpack (4.2.5) lib/action_dispatch/middleware/reloader.rb:73:in `call'
  actionpack (4.2.5) lib/action_dispatch/middleware/remote_ip.rb:78:in `call'
  actionpack (4.2.5) lib/action_dispatch/middleware/debug_exceptions.rb:17:in `call'
  web-console (2.3.0) lib/web_console/middleware.rb:28:in `block in call'
  web-console (2.3.0) lib/web_console/middleware.rb:18:in `catch'
  web-console (2.3.0) lib/web_console/middleware.rb:18:in `call'
  actionpack (4.2.5) lib/action_dispatch/middleware/show_exceptions.rb:30:in `call'
  railties (4.2.5) lib/rails/rack/logger.rb:38:in `call_app'
  railties (4.2.5) lib/rails/rack/logger.rb:20:in `block in call'
  activesupport (4.2.5) lib/active_support/tagged_logging.rb:68:in `block in tagged'
  activesupport (4.2.5) lib/active_support/tagged_logging.rb:26:in `tagged'
  activesupport (4.2.5) lib/active_support/tagged_logging.rb:68:in `tagged'
  railties (4.2.5) lib/rails/rack/logger.rb:20:in `call'
  actionpack (4.2.5) lib/action_dispatch/middleware/request_id.rb:21:in `call'
  rack (1.6.4) lib/rack/methodoverride.rb:22:in `call'
  rack (1.6.4) lib/rack/runtime.rb:18:in `call'
  activesupport (4.2.5) lib/active_support/cache/strategy/local_cache_middleware.rb:28:in `call'
  rack (1.6.4) lib/rack/lock.rb:17:in `call'
  actionpack (4.2.5) lib/action_dispatch/middleware/static.rb:116:in `call'
  rack (1.6.4) lib/rack/sendfile.rb:113:in `call'
  railties (4.2.5) lib/rails/engine.rb:518:in `call'
  railties (4.2.5) lib/rails/application.rb:165:in `call'
  rack (1.6.4) lib/rack/lock.rb:17:in `call'
  rack (1.6.4) lib/rack/content_length.rb:15:in `call'
  rack (1.6.4) lib/rack/handler/webrick.rb:88:in `service'
  /Users/mswieboda/.rbenv/versions/2.3.4/lib/ruby/2.3.0/webrick/httpserver.rb:140:in `service'
  /Users/mswieboda/.rbenv/versions/2.3.4/lib/ruby/2.3.0/webrick/httpserver.rb:96:in `run'
  /Users/mswieboda/.rbenv/versions/2.3.4/lib/ruby/2.3.0/webrick/server.rb:296:in `block in start_thread'


  Rendered /Users/mswieboda/.rbenv/versions/2.3.4/lib/ruby/gems/2.3.0/gems/actionpack-4.2.5/lib/action_dispatch/middleware/templates/rescues/_source.erb (3.1ms)
  Rendered /Users/mswieboda/.rbenv/versions/2.3.4/lib/ruby/gems/2.3.0/gems/actionpack-4.2.5/lib/action_dispatch/middleware/templates/rescues/_trace.html.erb (2.4ms)
  Rendered /Users/mswieboda/.rbenv/versions/2.3.4/lib/ruby/gems/2.3.0/gems/actionpack-4.2.5/lib/action_dispatch/middleware/templates/rescues/_request_and_response.html.erb (1.0ms)
  Rendered /Users/mswieboda/.rbenv/versions/2.3.4/lib/ruby/gems/2.3.0/gems/actionpack-4.2.5/lib/action_dispatch/middleware/templates/rescues/diagnostics.html.erb within rescues/layout (62.4ms)
  Rendered /Users/mswieboda/.rbenv/versions/2.3.4/lib/ruby/gems/2.3.0/gems/web-console-2.3.0/lib/web_console/templates/_markup.html.erb (0.5ms)
  Rendered /Users/mswieboda/.rbenv/versions/2.3.4/lib/ruby/gems/2.3.0/gems/web-console-2.3.0/lib/web_console/templates/_inner_console_markup.html.erb within layouts/inlined_string (0.3ms)
  Rendered /Users/mswieboda/.rbenv/versions/2.3.4/lib/ruby/gems/2.3.0/gems/web-console-2.3.0/lib/web_console/templates/_prompt_box_markup.html.erb within layouts/inlined_string (0.3ms)
  Rendered /Users/mswieboda/.rbenv/versions/2.3.4/lib/ruby/gems/2.3.0/gems/web-console-2.3.0/lib/web_console/templates/style.css.erb within layouts/inlined_string (1.0ms)
  Rendered /Users/mswieboda/.rbenv/versions/2.3.4/lib/ruby/gems/2.3.0/gems/web-console-2.3.0/lib/web_console/templates/console.js.erb within layouts/javascript (70.2ms)
  Rendered /Users/mswieboda/.rbenv/versions/2.3.4/lib/ruby/gems/2.3.0/gems/web-console-2.3.0/lib/web_console/templates/main.js.erb within layouts/javascript (0.3ms)
  Rendered /Users/mswieboda/.rbenv/versions/2.3.4/lib/ruby/gems/2.3.0/gems/web-console-2.3.0/lib/web_console/templates/error_page.js.erb within layouts/javascript (0.4ms)
  Rendered /Users/mswieboda/.rbenv/versions/2.3.4/lib/ruby/gems/2.3.0/gems/web-console-2.3.0/lib/web_console/templates/index.html.erb (145.1ms)


Started GET "/favicon.ico" for 127.0.0.1 at 2017-10-24 19:16:22 -0500

PG::ConnectionBad (could not connect to server: No such file or directory
	Is the server running locally and accepting
	connections on Unix domain socket "/var/pgsql_socket/.s.PGSQL.5432"?
):
  activerecord (4.2.5) lib/active_record/connection_adapters/postgresql_adapter.rb:651:in `initialize'
  activerecord (4.2.5) lib/active_record/connection_adapters/postgresql_adapter.rb:651:in `new'
  activerecord (4.2.5) lib/active_record/connection_adapters/postgresql_adapter.rb:651:in `connect'
  activerecord (4.2.5) lib/active_record/connection_adapters/postgresql_adapter.rb:242:in `initialize'
  activerecord (4.2.5) lib/active_record/connection_adapters/postgresql_adapter.rb:44:in `new'
  activerecord (4.2.5) lib/active_record/connection_adapters/postgresql_adapter.rb:44:in `postgresql_connection'
  activerecord (4.2.5) lib/active_record/connection_adapters/abstract/connection_pool.rb:438:in `new_connection'
  activerecord (4.2.5) lib/active_record/connection_adapters/abstract/connection_pool.rb:448:in `checkout_new_connection'
  activerecord (4.2.5) lib/active_record/connection_adapters/abstract/connection_pool.rb:422:in `acquire_connection'
  activerecord (4.2.5) lib/active_record/connection_adapters/abstract/connection_pool.rb:349:in `block in checkout'
  /Users/mswieboda/.rbenv/versions/2.3.4/lib/ruby/2.3.0/monitor.rb:214:in `mon_synchronize'
  activerecord (4.2.5) lib/active_record/connection_adapters/abstract/connection_pool.rb:348:in `checkout'
  activerecord (4.2.5) lib/active_record/connection_adapters/abstract/connection_pool.rb:263:in `block in connection'
  /Users/mswieboda/.rbenv/versions/2.3.4/lib/ruby/2.3.0/monitor.rb:214:in `mon_synchronize'
  activerecord (4.2.5) lib/active_record/connection_adapters/abstract/connection_pool.rb:262:in `connection'
  activerecord (4.2.5) lib/active_record/connection_adapters/abstract/connection_pool.rb:571:in `retrieve_connection'
  activerecord (4.2.5) lib/active_record/connection_handling.rb:113:in `retrieve_connection'
  activerecord (4.2.5) lib/active_record/connection_handling.rb:87:in `connection'
  activerecord (4.2.5) lib/active_record/migration.rb:383:in `connection'
  activerecord (4.2.5) lib/active_record/migration.rb:370:in `call'
  actionpack (4.2.5) lib/action_dispatch/middleware/callbacks.rb:29:in `block in call'
  activesupport (4.2.5) lib/active_support/callbacks.rb:88:in `__run_callbacks__'
  activesupport (4.2.5) lib/active_support/callbacks.rb:778:in `_run_call_callbacks'
  activesupport (4.2.5) lib/active_support/callbacks.rb:81:in `run_callbacks'
  actionpack (4.2.5) lib/action_dispatch/middleware/callbacks.rb:27:in `call'
  actionpack (4.2.5) lib/action_dispatch/middleware/reloader.rb:73:in `call'
  actionpack (4.2.5) lib/action_dispatch/middleware/remote_ip.rb:78:in `call'
  actionpack (4.2.5) lib/action_dispatch/middleware/debug_exceptions.rb:17:in `call'
  web-console (2.3.0) lib/web_console/middleware.rb:28:in `block in call'
  web-console (2.3.0) lib/web_console/middleware.rb:18:in `catch'
  web-console (2.3.0) lib/web_console/middleware.rb:18:in `call'
  actionpack (4.2.5) lib/action_dispatch/middleware/show_exceptions.rb:30:in `call'
  railties (4.2.5) lib/rails/rack/logger.rb:38:in `call_app'
  railties (4.2.5) lib/rails/rack/logger.rb:20:in `block in call'
  activesupport (4.2.5) lib/active_support/tagged_logging.rb:68:in `block in tagged'
  activesupport (4.2.5) lib/active_support/tagged_logging.rb:26:in `tagged'
  activesupport (4.2.5) lib/active_support/tagged_logging.rb:68:in `tagged'
  railties (4.2.5) lib/rails/rack/logger.rb:20:in `call'
  actionpack (4.2.5) lib/action_dispatch/middleware/request_id.rb:21:in `call'
  rack (1.6.4) lib/rack/methodoverride.rb:22:in `call'
  rack (1.6.4) lib/rack/runtime.rb:18:in `call'
  activesupport (4.2.5) lib/active_support/cache/strategy/local_cache_middleware.rb:28:in `call'
  rack (1.6.4) lib/rack/lock.rb:17:in `call'
  actionpack (4.2.5) lib/action_dispatch/middleware/static.rb:116:in `call'
  rack (1.6.4) lib/rack/sendfile.rb:113:in `call'
  railties (4.2.5) lib/rails/engine.rb:518:in `call'
  railties (4.2.5) lib/rails/application.rb:165:in `call'
  rack (1.6.4) lib/rack/lock.rb:17:in `call'
  rack (1.6.4) lib/rack/content_length.rb:15:in `call'
  rack (1.6.4) lib/rack/handler/webrick.rb:88:in `service'
  /Users/mswieboda/.rbenv/versions/2.3.4/lib/ruby/2.3.0/webrick/httpserver.rb:140:in `service'
  /Users/mswieboda/.rbenv/versions/2.3.4/lib/ruby/2.3.0/webrick/httpserver.rb:96:in `run'
  /Users/mswieboda/.rbenv/versions/2.3.4/lib/ruby/2.3.0/webrick/server.rb:296:in `block in start_thread'


  Rendered /Users/mswieboda/.rbenv/versions/2.3.4/lib/ruby/gems/2.3.0/gems/actionpack-4.2.5/lib/action_dispatch/middleware/templates/rescues/_source.erb (3.2ms)
  Rendered /Users/mswieboda/.rbenv/versions/2.3.4/lib/ruby/gems/2.3.0/gems/actionpack-4.2.5/lib/action_dispatch/middleware/templates/rescues/_trace.html.erb (2.7ms)
  Rendered /Users/mswieboda/.rbenv/versions/2.3.4/lib/ruby/gems/2.3.0/gems/actionpack-4.2.5/lib/action_dispatch/middleware/templates/rescues/_request_and_response.html.erb (0.9ms)
  Rendered /Users/mswieboda/.rbenv/versions/2.3.4/lib/ruby/gems/2.3.0/gems/actionpack-4.2.5/lib/action_dispatch/middleware/templates/rescues/diagnostics.html.erb within rescues/layout (59.5ms)
  Rendered /Users/mswieboda/.rbenv/versions/2.3.4/lib/ruby/gems/2.3.0/gems/web-console-2.3.0/lib/web_console/templates/_markup.html.erb (0.3ms)
  Rendered /Users/mswieboda/.rbenv/versions/2.3.4/lib/ruby/gems/2.3.0/gems/web-console-2.3.0/lib/web_console/templates/_inner_console_markup.html.erb within layouts/inlined_string (0.3ms)
  Rendered /Users/mswieboda/.rbenv/versions/2.3.4/lib/ruby/gems/2.3.0/gems/web-console-2.3.0/lib/web_console/templates/_prompt_box_markup.html.erb within layouts/inlined_string (0.2ms)
  Rendered /Users/mswieboda/.rbenv/versions/2.3.4/lib/ruby/gems/2.3.0/gems/web-console-2.3.0/lib/web_console/templates/style.css.erb within layouts/inlined_string (0.3ms)
  Rendered /Users/mswieboda/.rbenv/versions/2.3.4/lib/ruby/gems/2.3.0/gems/web-console-2.3.0/lib/web_console/templates/console.js.erb within layouts/javascript (47.5ms)
  Rendered /Users/mswieboda/.rbenv/versions/2.3.4/lib/ruby/gems/2.3.0/gems/web-console-2.3.0/lib/web_console/templates/main.js.erb within layouts/javascript (0.3ms)
  Rendered /Users/mswieboda/.rbenv/versions/2.3.4/lib/ruby/gems/2.3.0/gems/web-console-2.3.0/lib/web_console/templates/error_page.js.erb within layouts/javascript (0.4ms)
  Rendered /Users/mswieboda/.rbenv/versions/2.3.4/lib/ruby/gems/2.3.0/gems/web-console-2.3.0/lib/web_console/templates/index.html.erb (111.0ms)
**WARNING** ReactOnRails: ReactOnRails gem and node package MAJOR versions do not match
                     gem: 6.0.5
            node package: 8.0.5
Ensure the installed MAJOR version of the gem is the same as the MAJOR version of 
your installed node package.


Started GET "/" for ::1 at 2017-10-24 19:19:21 -0500

PG::ConnectionBad (could not connect to server: No such file or directory
	Is the server running locally and accepting
	connections on Unix domain socket "/var/pgsql_socket/.s.PGSQL.5432"?
):
  activerecord (4.2.5) lib/active_record/connection_adapters/postgresql_adapter.rb:651:in `initialize'
  activerecord (4.2.5) lib/active_record/connection_adapters/postgresql_adapter.rb:651:in `new'
  activerecord (4.2.5) lib/active_record/connection_adapters/postgresql_adapter.rb:651:in `connect'
  activerecord (4.2.5) lib/active_record/connection_adapters/postgresql_adapter.rb:242:in `initialize'
  activerecord (4.2.5) lib/active_record/connection_adapters/postgresql_adapter.rb:44:in `new'
  activerecord (4.2.5) lib/active_record/connection_adapters/postgresql_adapter.rb:44:in `postgresql_connection'
  activerecord (4.2.5) lib/active_record/connection_adapters/abstract/connection_pool.rb:438:in `new_connection'
  activerecord (4.2.5) lib/active_record/connection_adapters/abstract/connection_pool.rb:448:in `checkout_new_connection'
  activerecord (4.2.5) lib/active_record/connection_adapters/abstract/connection_pool.rb:422:in `acquire_connection'
  activerecord (4.2.5) lib/active_record/connection_adapters/abstract/connection_pool.rb:349:in `block in checkout'
  /Users/mswieboda/.rbenv/versions/2.3.4/lib/ruby/2.3.0/monitor.rb:214:in `mon_synchronize'
  activerecord (4.2.5) lib/active_record/connection_adapters/abstract/connection_pool.rb:348:in `checkout'
  activerecord (4.2.5) lib/active_record/connection_adapters/abstract/connection_pool.rb:263:in `block in connection'
  /Users/mswieboda/.rbenv/versions/2.3.4/lib/ruby/2.3.0/monitor.rb:214:in `mon_synchronize'
  activerecord (4.2.5) lib/active_record/connection_adapters/abstract/connection_pool.rb:262:in `connection'
  activerecord (4.2.5) lib/active_record/connection_adapters/abstract/connection_pool.rb:571:in `retrieve_connection'
  activerecord (4.2.5) lib/active_record/connection_handling.rb:113:in `retrieve_connection'
  activerecord (4.2.5) lib/active_record/connection_handling.rb:87:in `connection'
  activerecord (4.2.5) lib/active_record/migration.rb:383:in `connection'
  activerecord (4.2.5) lib/active_record/migration.rb:370:in `call'
  actionpack (4.2.5) lib/action_dispatch/middleware/callbacks.rb:29:in `block in call'
  activesupport (4.2.5) lib/active_support/callbacks.rb:88:in `__run_callbacks__'
  activesupport (4.2.5) lib/active_support/callbacks.rb:778:in `_run_call_callbacks'
  activesupport (4.2.5) lib/active_support/callbacks.rb:81:in `run_callbacks'
  actionpack (4.2.5) lib/action_dispatch/middleware/callbacks.rb:27:in `call'
  actionpack (4.2.5) lib/action_dispatch/middleware/reloader.rb:73:in `call'
  actionpack (4.2.5) lib/action_dispatch/middleware/remote_ip.rb:78:in `call'
  actionpack (4.2.5) lib/action_dispatch/middleware/debug_exceptions.rb:17:in `call'
  web-console (2.3.0) lib/web_console/middleware.rb:28:in `block in call'
  web-console (2.3.0) lib/web_console/middleware.rb:18:in `catch'
  web-console (2.3.0) lib/web_console/middleware.rb:18:in `call'
  actionpack (4.2.5) lib/action_dispatch/middleware/show_exceptions.rb:30:in `call'
  railties (4.2.5) lib/rails/rack/logger.rb:38:in `call_app'
  railties (4.2.5) lib/rails/rack/logger.rb:20:in `block in call'
  activesupport (4.2.5) lib/active_support/tagged_logging.rb:68:in `block in tagged'
  activesupport (4.2.5) lib/active_support/tagged_logging.rb:26:in `tagged'
  activesupport (4.2.5) lib/active_support/tagged_logging.rb:68:in `tagged'
  railties (4.2.5) lib/rails/rack/logger.rb:20:in `call'
  actionpack (4.2.5) lib/action_dispatch/middleware/request_id.rb:21:in `call'
  rack (1.6.4) lib/rack/methodoverride.rb:22:in `call'
  rack (1.6.4) lib/rack/runtime.rb:18:in `call'
  activesupport (4.2.5) lib/active_support/cache/strategy/local_cache_middleware.rb:28:in `call'
  rack (1.6.4) lib/rack/lock.rb:17:in `call'
  actionpack (4.2.5) lib/action_dispatch/middleware/static.rb:116:in `call'
  rack (1.6.4) lib/rack/sendfile.rb:113:in `call'
  railties (4.2.5) lib/rails/engine.rb:518:in `call'
  railties (4.2.5) lib/rails/application.rb:165:in `call'
  rack (1.6.4) lib/rack/lock.rb:17:in `call'
  rack (1.6.4) lib/rack/content_length.rb:15:in `call'
  rack (1.6.4) lib/rack/handler/webrick.rb:88:in `service'
  /Users/mswieboda/.rbenv/versions/2.3.4/lib/ruby/2.3.0/webrick/httpserver.rb:140:in `service'
  /Users/mswieboda/.rbenv/versions/2.3.4/lib/ruby/2.3.0/webrick/httpserver.rb:96:in `run'
  /Users/mswieboda/.rbenv/versions/2.3.4/lib/ruby/2.3.0/webrick/server.rb:296:in `block in start_thread'


  Rendered /Users/mswieboda/.rbenv/versions/2.3.4/lib/ruby/gems/2.3.0/gems/actionpack-4.2.5/lib/action_dispatch/middleware/templates/rescues/_source.erb (3.2ms)
  Rendered /Users/mswieboda/.rbenv/versions/2.3.4/lib/ruby/gems/2.3.0/gems/actionpack-4.2.5/lib/action_dispatch/middleware/templates/rescues/_trace.html.erb (1.7ms)
  Rendered /Users/mswieboda/.rbenv/versions/2.3.4/lib/ruby/gems/2.3.0/gems/actionpack-4.2.5/lib/action_dispatch/middleware/templates/rescues/_request_and_response.html.erb (1.0ms)
  Rendered /Users/mswieboda/.rbenv/versions/2.3.4/lib/ruby/gems/2.3.0/gems/actionpack-4.2.5/lib/action_dispatch/middleware/templates/rescues/diagnostics.html.erb within rescues/layout (65.7ms)
  Rendered /Users/mswieboda/.rbenv/versions/2.3.4/lib/ruby/gems/2.3.0/gems/web-console-2.3.0/lib/web_console/templates/_markup.html.erb (0.6ms)
  Rendered /Users/mswieboda/.rbenv/versions/2.3.4/lib/ruby/gems/2.3.0/gems/web-console-2.3.0/lib/web_console/templates/_inner_console_markup.html.erb within layouts/inlined_string (0.4ms)
  Rendered /Users/mswieboda/.rbenv/versions/2.3.4/lib/ruby/gems/2.3.0/gems/web-console-2.3.0/lib/web_console/templates/_prompt_box_markup.html.erb within layouts/inlined_string (0.5ms)
  Rendered /Users/mswieboda/.rbenv/versions/2.3.4/lib/ruby/gems/2.3.0/gems/web-console-2.3.0/lib/web_console/templates/style.css.erb within layouts/inlined_string (0.4ms)
  Rendered /Users/mswieboda/.rbenv/versions/2.3.4/lib/ruby/gems/2.3.0/gems/web-console-2.3.0/lib/web_console/templates/console.js.erb within layouts/javascript (62.8ms)
  Rendered /Users/mswieboda/.rbenv/versions/2.3.4/lib/ruby/gems/2.3.0/gems/web-console-2.3.0/lib/web_console/templates/main.js.erb within layouts/javascript (0.3ms)
  Rendered /Users/mswieboda/.rbenv/versions/2.3.4/lib/ruby/gems/2.3.0/gems/web-console-2.3.0/lib/web_console/templates/error_page.js.erb within layouts/javascript (0.4ms)
  Rendered /Users/mswieboda/.rbenv/versions/2.3.4/lib/ruby/gems/2.3.0/gems/web-console-2.3.0/lib/web_console/templates/index.html.erb (134.6ms)


Started GET "/favicon.ico" for ::1 at 2017-10-24 19:19:22 -0500

PG::ConnectionBad (could not connect to server: No such file or directory
	Is the server running locally and accepting
	connections on Unix domain socket "/var/pgsql_socket/.s.PGSQL.5432"?
):
  activerecord (4.2.5) lib/active_record/connection_adapters/postgresql_adapter.rb:651:in `initialize'
  activerecord (4.2.5) lib/active_record/connection_adapters/postgresql_adapter.rb:651:in `new'
  activerecord (4.2.5) lib/active_record/connection_adapters/postgresql_adapter.rb:651:in `connect'
  activerecord (4.2.5) lib/active_record/connection_adapters/postgresql_adapter.rb:242:in `initialize'
  activerecord (4.2.5) lib/active_record/connection_adapters/postgresql_adapter.rb:44:in `new'
  activerecord (4.2.5) lib/active_record/connection_adapters/postgresql_adapter.rb:44:in `postgresql_connection'
  activerecord (4.2.5) lib/active_record/connection_adapters/abstract/connection_pool.rb:438:in `new_connection'
  activerecord (4.2.5) lib/active_record/connection_adapters/abstract/connection_pool.rb:448:in `checkout_new_connection'
  activerecord (4.2.5) lib/active_record/connection_adapters/abstract/connection_pool.rb:422:in `acquire_connection'
  activerecord (4.2.5) lib/active_record/connection_adapters/abstract/connection_pool.rb:349:in `block in checkout'
  /Users/mswieboda/.rbenv/versions/2.3.4/lib/ruby/2.3.0/monitor.rb:214:in `mon_synchronize'
  activerecord (4.2.5) lib/active_record/connection_adapters/abstract/connection_pool.rb:348:in `checkout'
  activerecord (4.2.5) lib/active_record/connection_adapters/abstract/connection_pool.rb:263:in `block in connection'
  /Users/mswieboda/.rbenv/versions/2.3.4/lib/ruby/2.3.0/monitor.rb:214:in `mon_synchronize'
  activerecord (4.2.5) lib/active_record/connection_adapters/abstract/connection_pool.rb:262:in `connection'
  activerecord (4.2.5) lib/active_record/connection_adapters/abstract/connection_pool.rb:571:in `retrieve_connection'
  activerecord (4.2.5) lib/active_record/connection_handling.rb:113:in `retrieve_connection'
  activerecord (4.2.5) lib/active_record/connection_handling.rb:87:in `connection'
  activerecord (4.2.5) lib/active_record/migration.rb:383:in `connection'
  activerecord (4.2.5) lib/active_record/migration.rb:370:in `call'
  actionpack (4.2.5) lib/action_dispatch/middleware/callbacks.rb:29:in `block in call'
  activesupport (4.2.5) lib/active_support/callbacks.rb:88:in `__run_callbacks__'
  activesupport (4.2.5) lib/active_support/callbacks.rb:778:in `_run_call_callbacks'
  activesupport (4.2.5) lib/active_support/callbacks.rb:81:in `run_callbacks'
  actionpack (4.2.5) lib/action_dispatch/middleware/callbacks.rb:27:in `call'
  actionpack (4.2.5) lib/action_dispatch/middleware/reloader.rb:73:in `call'
  actionpack (4.2.5) lib/action_dispatch/middleware/remote_ip.rb:78:in `call'
  actionpack (4.2.5) lib/action_dispatch/middleware/debug_exceptions.rb:17:in `call'
  web-console (2.3.0) lib/web_console/middleware.rb:28:in `block in call'
  web-console (2.3.0) lib/web_console/middleware.rb:18:in `catch'
  web-console (2.3.0) lib/web_console/middleware.rb:18:in `call'
  actionpack (4.2.5) lib/action_dispatch/middleware/show_exceptions.rb:30:in `call'
  railties (4.2.5) lib/rails/rack/logger.rb:38:in `call_app'
  railties (4.2.5) lib/rails/rack/logger.rb:20:in `block in call'
  activesupport (4.2.5) lib/active_support/tagged_logging.rb:68:in `block in tagged'
  activesupport (4.2.5) lib/active_support/tagged_logging.rb:26:in `tagged'
  activesupport (4.2.5) lib/active_support/tagged_logging.rb:68:in `tagged'
  railties (4.2.5) lib/rails/rack/logger.rb:20:in `call'
  actionpack (4.2.5) lib/action_dispatch/middleware/request_id.rb:21:in `call'
  rack (1.6.4) lib/rack/methodoverride.rb:22:in `call'
  rack (1.6.4) lib/rack/runtime.rb:18:in `call'
  activesupport (4.2.5) lib/active_support/cache/strategy/local_cache_middleware.rb:28:in `call'
  rack (1.6.4) lib/rack/lock.rb:17:in `call'
  actionpack (4.2.5) lib/action_dispatch/middleware/static.rb:116:in `call'
  rack (1.6.4) lib/rack/sendfile.rb:113:in `call'
  railties (4.2.5) lib/rails/engine.rb:518:in `call'
  railties (4.2.5) lib/rails/application.rb:165:in `call'
  rack (1.6.4) lib/rack/lock.rb:17:in `call'
  rack (1.6.4) lib/rack/content_length.rb:15:in `call'
  rack (1.6.4) lib/rack/handler/webrick.rb:88:in `service'
  /Users/mswieboda/.rbenv/versions/2.3.4/lib/ruby/2.3.0/webrick/httpserver.rb:140:in `service'
  /Users/mswieboda/.rbenv/versions/2.3.4/lib/ruby/2.3.0/webrick/httpserver.rb:96:in `run'
  /Users/mswieboda/.rbenv/versions/2.3.4/lib/ruby/2.3.0/webrick/server.rb:296:in `block in start_thread'


  Rendered /Users/mswieboda/.rbenv/versions/2.3.4/lib/ruby/gems/2.3.0/gems/actionpack-4.2.5/lib/action_dispatch/middleware/templates/rescues/_source.erb (2.7ms)
  Rendered /Users/mswieboda/.rbenv/versions/2.3.4/lib/ruby/gems/2.3.0/gems/actionpack-4.2.5/lib/action_dispatch/middleware/templates/rescues/_trace.html.erb (1.7ms)
  Rendered /Users/mswieboda/.rbenv/versions/2.3.4/lib/ruby/gems/2.3.0/gems/actionpack-4.2.5/lib/action_dispatch/middleware/templates/rescues/_request_and_response.html.erb (0.7ms)
  Rendered /Users/mswieboda/.rbenv/versions/2.3.4/lib/ruby/gems/2.3.0/gems/actionpack-4.2.5/lib/action_dispatch/middleware/templates/rescues/diagnostics.html.erb within rescues/layout (58.5ms)
  Rendered /Users/mswieboda/.rbenv/versions/2.3.4/lib/ruby/gems/2.3.0/gems/web-console-2.3.0/lib/web_console/templates/_markup.html.erb (0.3ms)
  Rendered /Users/mswieboda/.rbenv/versions/2.3.4/lib/ruby/gems/2.3.0/gems/web-console-2.3.0/lib/web_console/templates/_inner_console_markup.html.erb within layouts/inlined_string (0.3ms)
  Rendered /Users/mswieboda/.rbenv/versions/2.3.4/lib/ruby/gems/2.3.0/gems/web-console-2.3.0/lib/web_console/templates/_prompt_box_markup.html.erb within layouts/inlined_string (0.3ms)
  Rendered /Users/mswieboda/.rbenv/versions/2.3.4/lib/ruby/gems/2.3.0/gems/web-console-2.3.0/lib/web_console/templates/style.css.erb within layouts/inlined_string (0.3ms)
  Rendered /Users/mswieboda/.rbenv/versions/2.3.4/lib/ruby/gems/2.3.0/gems/web-console-2.3.0/lib/web_console/templates/console.js.erb within layouts/javascript (51.7ms)
  Rendered /Users/mswieboda/.rbenv/versions/2.3.4/lib/ruby/gems/2.3.0/gems/web-console-2.3.0/lib/web_console/templates/main.js.erb within layouts/javascript (0.3ms)
  Rendered /Users/mswieboda/.rbenv/versions/2.3.4/lib/ruby/gems/2.3.0/gems/web-console-2.3.0/lib/web_console/templates/error_page.js.erb within layouts/javascript (0.6ms)
  Rendered /Users/mswieboda/.rbenv/versions/2.3.4/lib/ruby/gems/2.3.0/gems/web-console-2.3.0/lib/web_console/templates/index.html.erb (111.8ms)
**WARNING** ReactOnRails: ReactOnRails gem and node package MAJOR versions do not match
                     gem: 6.0.5
            node package: 8.0.5
Ensure the installed MAJOR version of the gem is the same as the MAJOR version of 
your installed node package.


Started GET "/" for ::1 at 2017-10-24 19:20:28 -0500

PG::ConnectionBad (could not connect to server: No such file or directory
	Is the server running locally and accepting
	connections on Unix domain socket "/var/pgsql_socket/.s.PGSQL.5432"?
):
  activerecord (4.2.5) lib/active_record/connection_adapters/postgresql_adapter.rb:651:in `initialize'
  activerecord (4.2.5) lib/active_record/connection_adapters/postgresql_adapter.rb:651:in `new'
  activerecord (4.2.5) lib/active_record/connection_adapters/postgresql_adapter.rb:651:in `connect'
  activerecord (4.2.5) lib/active_record/connection_adapters/postgresql_adapter.rb:242:in `initialize'
  activerecord (4.2.5) lib/active_record/connection_adapters/postgresql_adapter.rb:44:in `new'
  activerecord (4.2.5) lib/active_record/connection_adapters/postgresql_adapter.rb:44:in `postgresql_connection'
  activerecord (4.2.5) lib/active_record/connection_adapters/abstract/connection_pool.rb:438:in `new_connection'
  activerecord (4.2.5) lib/active_record/connection_adapters/abstract/connection_pool.rb:448:in `checkout_new_connection'
  activerecord (4.2.5) lib/active_record/connection_adapters/abstract/connection_pool.rb:422:in `acquire_connection'
  activerecord (4.2.5) lib/active_record/connection_adapters/abstract/connection_pool.rb:349:in `block in checkout'
  /Users/mswieboda/.rbenv/versions/2.3.4/lib/ruby/2.3.0/monitor.rb:214:in `mon_synchronize'
  activerecord (4.2.5) lib/active_record/connection_adapters/abstract/connection_pool.rb:348:in `checkout'
  activerecord (4.2.5) lib/active_record/connection_adapters/abstract/connection_pool.rb:263:in `block in connection'
  /Users/mswieboda/.rbenv/versions/2.3.4/lib/ruby/2.3.0/monitor.rb:214:in `mon_synchronize'
  activerecord (4.2.5) lib/active_record/connection_adapters/abstract/connection_pool.rb:262:in `connection'
  activerecord (4.2.5) lib/active_record/connection_adapters/abstract/connection_pool.rb:571:in `retrieve_connection'
  activerecord (4.2.5) lib/active_record/connection_handling.rb:113:in `retrieve_connection'
  activerecord (4.2.5) lib/active_record/connection_handling.rb:87:in `connection'
  activerecord (4.2.5) lib/active_record/migration.rb:383:in `connection'
  activerecord (4.2.5) lib/active_record/migration.rb:370:in `call'
  actionpack (4.2.5) lib/action_dispatch/middleware/callbacks.rb:29:in `block in call'
  activesupport (4.2.5) lib/active_support/callbacks.rb:88:in `__run_callbacks__'
  activesupport (4.2.5) lib/active_support/callbacks.rb:778:in `_run_call_callbacks'
  activesupport (4.2.5) lib/active_support/callbacks.rb:81:in `run_callbacks'
  actionpack (4.2.5) lib/action_dispatch/middleware/callbacks.rb:27:in `call'
  actionpack (4.2.5) lib/action_dispatch/middleware/reloader.rb:73:in `call'
  actionpack (4.2.5) lib/action_dispatch/middleware/remote_ip.rb:78:in `call'
  actionpack (4.2.5) lib/action_dispatch/middleware/debug_exceptions.rb:17:in `call'
  web-console (2.3.0) lib/web_console/middleware.rb:28:in `block in call'
  web-console (2.3.0) lib/web_console/middleware.rb:18:in `catch'
  web-console (2.3.0) lib/web_console/middleware.rb:18:in `call'
  actionpack (4.2.5) lib/action_dispatch/middleware/show_exceptions.rb:30:in `call'
  railties (4.2.5) lib/rails/rack/logger.rb:38:in `call_app'
  railties (4.2.5) lib/rails/rack/logger.rb:20:in `block in call'
  activesupport (4.2.5) lib/active_support/tagged_logging.rb:68:in `block in tagged'
  activesupport (4.2.5) lib/active_support/tagged_logging.rb:26:in `tagged'
  activesupport (4.2.5) lib/active_support/tagged_logging.rb:68:in `tagged'
  railties (4.2.5) lib/rails/rack/logger.rb:20:in `call'
  actionpack (4.2.5) lib/action_dispatch/middleware/request_id.rb:21:in `call'
  rack (1.6.4) lib/rack/methodoverride.rb:22:in `call'
  rack (1.6.4) lib/rack/runtime.rb:18:in `call'
  activesupport (4.2.5) lib/active_support/cache/strategy/local_cache_middleware.rb:28:in `call'
  rack (1.6.4) lib/rack/lock.rb:17:in `call'
  actionpack (4.2.5) lib/action_dispatch/middleware/static.rb:116:in `call'
  rack (1.6.4) lib/rack/sendfile.rb:113:in `call'
  railties (4.2.5) lib/rails/engine.rb:518:in `call'
  railties (4.2.5) lib/rails/application.rb:165:in `call'
  rack (1.6.4) lib/rack/lock.rb:17:in `call'
  rack (1.6.4) lib/rack/content_length.rb:15:in `call'
  rack (1.6.4) lib/rack/handler/webrick.rb:88:in `service'
  /Users/mswieboda/.rbenv/versions/2.3.4/lib/ruby/2.3.0/webrick/httpserver.rb:140:in `service'
  /Users/mswieboda/.rbenv/versions/2.3.4/lib/ruby/2.3.0/webrick/httpserver.rb:96:in `run'
  /Users/mswieboda/.rbenv/versions/2.3.4/lib/ruby/2.3.0/webrick/server.rb:296:in `block in start_thread'


  Rendered /Users/mswieboda/.rbenv/versions/2.3.4/lib/ruby/gems/2.3.0/gems/actionpack-4.2.5/lib/action_dispatch/middleware/templates/rescues/_source.erb (5.1ms)
  Rendered /Users/mswieboda/.rbenv/versions/2.3.4/lib/ruby/gems/2.3.0/gems/actionpack-4.2.5/lib/action_dispatch/middleware/templates/rescues/_trace.html.erb (2.0ms)
  Rendered /Users/mswieboda/.rbenv/versions/2.3.4/lib/ruby/gems/2.3.0/gems/actionpack-4.2.5/lib/action_dispatch/middleware/templates/rescues/_request_and_response.html.erb (0.9ms)
  Rendered /Users/mswieboda/.rbenv/versions/2.3.4/lib/ruby/gems/2.3.0/gems/actionpack-4.2.5/lib/action_dispatch/middleware/templates/rescues/diagnostics.html.erb within rescues/layout (72.3ms)
  Rendered /Users/mswieboda/.rbenv/versions/2.3.4/lib/ruby/gems/2.3.0/gems/web-console-2.3.0/lib/web_console/templates/_markup.html.erb (0.4ms)
  Rendered /Users/mswieboda/.rbenv/versions/2.3.4/lib/ruby/gems/2.3.0/gems/web-console-2.3.0/lib/web_console/templates/_inner_console_markup.html.erb within layouts/inlined_string (0.4ms)
  Rendered /Users/mswieboda/.rbenv/versions/2.3.4/lib/ruby/gems/2.3.0/gems/web-console-2.3.0/lib/web_console/templates/_prompt_box_markup.html.erb within layouts/inlined_string (0.3ms)
  Rendered /Users/mswieboda/.rbenv/versions/2.3.4/lib/ruby/gems/2.3.0/gems/web-console-2.3.0/lib/web_console/templates/style.css.erb within layouts/inlined_string (0.6ms)
  Rendered /Users/mswieboda/.rbenv/versions/2.3.4/lib/ruby/gems/2.3.0/gems/web-console-2.3.0/lib/web_console/templates/console.js.erb within layouts/javascript (67.2ms)
  Rendered /Users/mswieboda/.rbenv/versions/2.3.4/lib/ruby/gems/2.3.0/gems/web-console-2.3.0/lib/web_console/templates/main.js.erb within layouts/javascript (0.3ms)
  Rendered /Users/mswieboda/.rbenv/versions/2.3.4/lib/ruby/gems/2.3.0/gems/web-console-2.3.0/lib/web_console/templates/error_page.js.erb within layouts/javascript (0.4ms)
  Rendered /Users/mswieboda/.rbenv/versions/2.3.4/lib/ruby/gems/2.3.0/gems/web-console-2.3.0/lib/web_console/templates/index.html.erb (153.9ms)


Started GET "/favicon.ico" for ::1 at 2017-10-24 19:20:29 -0500

PG::ConnectionBad (could not connect to server: No such file or directory
	Is the server running locally and accepting
	connections on Unix domain socket "/var/pgsql_socket/.s.PGSQL.5432"?
):
  activerecord (4.2.5) lib/active_record/connection_adapters/postgresql_adapter.rb:651:in `initialize'
  activerecord (4.2.5) lib/active_record/connection_adapters/postgresql_adapter.rb:651:in `new'
  activerecord (4.2.5) lib/active_record/connection_adapters/postgresql_adapter.rb:651:in `connect'
  activerecord (4.2.5) lib/active_record/connection_adapters/postgresql_adapter.rb:242:in `initialize'
  activerecord (4.2.5) lib/active_record/connection_adapters/postgresql_adapter.rb:44:in `new'
  activerecord (4.2.5) lib/active_record/connection_adapters/postgresql_adapter.rb:44:in `postgresql_connection'
  activerecord (4.2.5) lib/active_record/connection_adapters/abstract/connection_pool.rb:438:in `new_connection'
  activerecord (4.2.5) lib/active_record/connection_adapters/abstract/connection_pool.rb:448:in `checkout_new_connection'
  activerecord (4.2.5) lib/active_record/connection_adapters/abstract/connection_pool.rb:422:in `acquire_connection'
  activerecord (4.2.5) lib/active_record/connection_adapters/abstract/connection_pool.rb:349:in `block in checkout'
  /Users/mswieboda/.rbenv/versions/2.3.4/lib/ruby/2.3.0/monitor.rb:214:in `mon_synchronize'
  activerecord (4.2.5) lib/active_record/connection_adapters/abstract/connection_pool.rb:348:in `checkout'
  activerecord (4.2.5) lib/active_record/connection_adapters/abstract/connection_pool.rb:263:in `block in connection'
  /Users/mswieboda/.rbenv/versions/2.3.4/lib/ruby/2.3.0/monitor.rb:214:in `mon_synchronize'
  activerecord (4.2.5) lib/active_record/connection_adapters/abstract/connection_pool.rb:262:in `connection'
  activerecord (4.2.5) lib/active_record/connection_adapters/abstract/connection_pool.rb:571:in `retrieve_connection'
  activerecord (4.2.5) lib/active_record/connection_handling.rb:113:in `retrieve_connection'
  activerecord (4.2.5) lib/active_record/connection_handling.rb:87:in `connection'
  activerecord (4.2.5) lib/active_record/migration.rb:383:in `connection'
  activerecord (4.2.5) lib/active_record/migration.rb:370:in `call'
  actionpack (4.2.5) lib/action_dispatch/middleware/callbacks.rb:29:in `block in call'
  activesupport (4.2.5) lib/active_support/callbacks.rb:88:in `__run_callbacks__'
  activesupport (4.2.5) lib/active_support/callbacks.rb:778:in `_run_call_callbacks'
  activesupport (4.2.5) lib/active_support/callbacks.rb:81:in `run_callbacks'
  actionpack (4.2.5) lib/action_dispatch/middleware/callbacks.rb:27:in `call'
  actionpack (4.2.5) lib/action_dispatch/middleware/reloader.rb:73:in `call'
  actionpack (4.2.5) lib/action_dispatch/middleware/remote_ip.rb:78:in `call'
  actionpack (4.2.5) lib/action_dispatch/middleware/debug_exceptions.rb:17:in `call'
  web-console (2.3.0) lib/web_console/middleware.rb:28:in `block in call'
  web-console (2.3.0) lib/web_console/middleware.rb:18:in `catch'
  web-console (2.3.0) lib/web_console/middleware.rb:18:in `call'
  actionpack (4.2.5) lib/action_dispatch/middleware/show_exceptions.rb:30:in `call'
  railties (4.2.5) lib/rails/rack/logger.rb:38:in `call_app'
  railties (4.2.5) lib/rails/rack/logger.rb:20:in `block in call'
  activesupport (4.2.5) lib/active_support/tagged_logging.rb:68:in `block in tagged'
  activesupport (4.2.5) lib/active_support/tagged_logging.rb:26:in `tagged'
  activesupport (4.2.5) lib/active_support/tagged_logging.rb:68:in `tagged'
  railties (4.2.5) lib/rails/rack/logger.rb:20:in `call'
  actionpack (4.2.5) lib/action_dispatch/middleware/request_id.rb:21:in `call'
  rack (1.6.4) lib/rack/methodoverride.rb:22:in `call'
  rack (1.6.4) lib/rack/runtime.rb:18:in `call'
  activesupport (4.2.5) lib/active_support/cache/strategy/local_cache_middleware.rb:28:in `call'
  rack (1.6.4) lib/rack/lock.rb:17:in `call'
  actionpack (4.2.5) lib/action_dispatch/middleware/static.rb:116:in `call'
  rack (1.6.4) lib/rack/sendfile.rb:113:in `call'
  railties (4.2.5) lib/rails/engine.rb:518:in `call'
  railties (4.2.5) lib/rails/application.rb:165:in `call'
  rack (1.6.4) lib/rack/lock.rb:17:in `call'
  rack (1.6.4) lib/rack/content_length.rb:15:in `call'
  rack (1.6.4) lib/rack/handler/webrick.rb:88:in `service'
  /Users/mswieboda/.rbenv/versions/2.3.4/lib/ruby/2.3.0/webrick/httpserver.rb:140:in `service'
  /Users/mswieboda/.rbenv/versions/2.3.4/lib/ruby/2.3.0/webrick/httpserver.rb:96:in `run'
  /Users/mswieboda/.rbenv/versions/2.3.4/lib/ruby/2.3.0/webrick/server.rb:296:in `block in start_thread'


  Rendered /Users/mswieboda/.rbenv/versions/2.3.4/lib/ruby/gems/2.3.0/gems/actionpack-4.2.5/lib/action_dispatch/middleware/templates/rescues/_source.erb (3.2ms)
  Rendered /Users/mswieboda/.rbenv/versions/2.3.4/lib/ruby/gems/2.3.0/gems/actionpack-4.2.5/lib/action_dispatch/middleware/templates/rescues/_trace.html.erb (1.4ms)
  Rendered /Users/mswieboda/.rbenv/versions/2.3.4/lib/ruby/gems/2.3.0/gems/actionpack-4.2.5/lib/action_dispatch/middleware/templates/rescues/_request_and_response.html.erb (0.7ms)
  Rendered /Users/mswieboda/.rbenv/versions/2.3.4/lib/ruby/gems/2.3.0/gems/actionpack-4.2.5/lib/action_dispatch/middleware/templates/rescues/diagnostics.html.erb within rescues/layout (59.4ms)
  Rendered /Users/mswieboda/.rbenv/versions/2.3.4/lib/ruby/gems/2.3.0/gems/web-console-2.3.0/lib/web_console/templates/_markup.html.erb (0.3ms)
  Rendered /Users/mswieboda/.rbenv/versions/2.3.4/lib/ruby/gems/2.3.0/gems/web-console-2.3.0/lib/web_console/templates/_inner_console_markup.html.erb within layouts/inlined_string (0.4ms)
  Rendered /Users/mswieboda/.rbenv/versions/2.3.4/lib/ruby/gems/2.3.0/gems/web-console-2.3.0/lib/web_console/templates/_prompt_box_markup.html.erb within layouts/inlined_string (0.3ms)
  Rendered /Users/mswieboda/.rbenv/versions/2.3.4/lib/ruby/gems/2.3.0/gems/web-console-2.3.0/lib/web_console/templates/style.css.erb within layouts/inlined_string (0.3ms)
  Rendered /Users/mswieboda/.rbenv/versions/2.3.4/lib/ruby/gems/2.3.0/gems/web-console-2.3.0/lib/web_console/templates/console.js.erb within layouts/javascript (50.6ms)
  Rendered /Users/mswieboda/.rbenv/versions/2.3.4/lib/ruby/gems/2.3.0/gems/web-console-2.3.0/lib/web_console/templates/main.js.erb within layouts/javascript (0.4ms)
  Rendered /Users/mswieboda/.rbenv/versions/2.3.4/lib/ruby/gems/2.3.0/gems/web-console-2.3.0/lib/web_console/templates/error_page.js.erb within layouts/javascript (0.5ms)
  Rendered /Users/mswieboda/.rbenv/versions/2.3.4/lib/ruby/gems/2.3.0/gems/web-console-2.3.0/lib/web_console/templates/index.html.erb (123.5ms)
**WARNING** ReactOnRails: ReactOnRails gem and node package MAJOR versions do not match
                     gem: 6.0.5
            node package: 8.0.5
Ensure the installed MAJOR version of the gem is the same as the MAJOR version of 
your installed node package.


Started GET "/" for ::1 at 2017-10-24 19:31:34 -0500

PG::ConnectionBad (could not connect to server: No such file or directory
	Is the server running locally and accepting
	connections on Unix domain socket "/var/pgsql_socket/.s.PGSQL.5432"?
):
  activerecord (4.2.5) lib/active_record/connection_adapters/postgresql_adapter.rb:651:in `initialize'
  activerecord (4.2.5) lib/active_record/connection_adapters/postgresql_adapter.rb:651:in `new'
  activerecord (4.2.5) lib/active_record/connection_adapters/postgresql_adapter.rb:651:in `connect'
  activerecord (4.2.5) lib/active_record/connection_adapters/postgresql_adapter.rb:242:in `initialize'
  activerecord (4.2.5) lib/active_record/connection_adapters/postgresql_adapter.rb:44:in `new'
  activerecord (4.2.5) lib/active_record/connection_adapters/postgresql_adapter.rb:44:in `postgresql_connection'
  activerecord (4.2.5) lib/active_record/connection_adapters/abstract/connection_pool.rb:438:in `new_connection'
  activerecord (4.2.5) lib/active_record/connection_adapters/abstract/connection_pool.rb:448:in `checkout_new_connection'
  activerecord (4.2.5) lib/active_record/connection_adapters/abstract/connection_pool.rb:422:in `acquire_connection'
  activerecord (4.2.5) lib/active_record/connection_adapters/abstract/connection_pool.rb:349:in `block in checkout'
  /Users/mswieboda/.rbenv/versions/2.3.4/lib/ruby/2.3.0/monitor.rb:214:in `mon_synchronize'
  activerecord (4.2.5) lib/active_record/connection_adapters/abstract/connection_pool.rb:348:in `checkout'
  activerecord (4.2.5) lib/active_record/connection_adapters/abstract/connection_pool.rb:263:in `block in connection'
  /Users/mswieboda/.rbenv/versions/2.3.4/lib/ruby/2.3.0/monitor.rb:214:in `mon_synchronize'
  activerecord (4.2.5) lib/active_record/connection_adapters/abstract/connection_pool.rb:262:in `connection'
  activerecord (4.2.5) lib/active_record/connection_adapters/abstract/connection_pool.rb:571:in `retrieve_connection'
  activerecord (4.2.5) lib/active_record/connection_handling.rb:113:in `retrieve_connection'
  activerecord (4.2.5) lib/active_record/connection_handling.rb:87:in `connection'
  activerecord (4.2.5) lib/active_record/migration.rb:383:in `connection'
  activerecord (4.2.5) lib/active_record/migration.rb:370:in `call'
  actionpack (4.2.5) lib/action_dispatch/middleware/callbacks.rb:29:in `block in call'
  activesupport (4.2.5) lib/active_support/callbacks.rb:88:in `__run_callbacks__'
  activesupport (4.2.5) lib/active_support/callbacks.rb:778:in `_run_call_callbacks'
  activesupport (4.2.5) lib/active_support/callbacks.rb:81:in `run_callbacks'
  actionpack (4.2.5) lib/action_dispatch/middleware/callbacks.rb:27:in `call'
  actionpack (4.2.5) lib/action_dispatch/middleware/reloader.rb:73:in `call'
  actionpack (4.2.5) lib/action_dispatch/middleware/remote_ip.rb:78:in `call'
  actionpack (4.2.5) lib/action_dispatch/middleware/debug_exceptions.rb:17:in `call'
  web-console (2.3.0) lib/web_console/middleware.rb:28:in `block in call'
  web-console (2.3.0) lib/web_console/middleware.rb:18:in `catch'
  web-console (2.3.0) lib/web_console/middleware.rb:18:in `call'
  actionpack (4.2.5) lib/action_dispatch/middleware/show_exceptions.rb:30:in `call'
  railties (4.2.5) lib/rails/rack/logger.rb:38:in `call_app'
  railties (4.2.5) lib/rails/rack/logger.rb:20:in `block in call'
  activesupport (4.2.5) lib/active_support/tagged_logging.rb:68:in `block in tagged'
  activesupport (4.2.5) lib/active_support/tagged_logging.rb:26:in `tagged'
  activesupport (4.2.5) lib/active_support/tagged_logging.rb:68:in `tagged'
  railties (4.2.5) lib/rails/rack/logger.rb:20:in `call'
  actionpack (4.2.5) lib/action_dispatch/middleware/request_id.rb:21:in `call'
  rack (1.6.4) lib/rack/methodoverride.rb:22:in `call'
  rack (1.6.4) lib/rack/runtime.rb:18:in `call'
  activesupport (4.2.5) lib/active_support/cache/strategy/local_cache_middleware.rb:28:in `call'
  rack (1.6.4) lib/rack/lock.rb:17:in `call'
  actionpack (4.2.5) lib/action_dispatch/middleware/static.rb:116:in `call'
  rack (1.6.4) lib/rack/sendfile.rb:113:in `call'
  railties (4.2.5) lib/rails/engine.rb:518:in `call'
  railties (4.2.5) lib/rails/application.rb:165:in `call'
  rack (1.6.4) lib/rack/lock.rb:17:in `call'
  rack (1.6.4) lib/rack/content_length.rb:15:in `call'
  rack (1.6.4) lib/rack/handler/webrick.rb:88:in `service'
  /Users/mswieboda/.rbenv/versions/2.3.4/lib/ruby/2.3.0/webrick/httpserver.rb:140:in `service'
  /Users/mswieboda/.rbenv/versions/2.3.4/lib/ruby/2.3.0/webrick/httpserver.rb:96:in `run'
  /Users/mswieboda/.rbenv/versions/2.3.4/lib/ruby/2.3.0/webrick/server.rb:296:in `block in start_thread'


  Rendered /Users/mswieboda/.rbenv/versions/2.3.4/lib/ruby/gems/2.3.0/gems/actionpack-4.2.5/lib/action_dispatch/middleware/templates/rescues/_source.erb (2.8ms)
  Rendered /Users/mswieboda/.rbenv/versions/2.3.4/lib/ruby/gems/2.3.0/gems/actionpack-4.2.5/lib/action_dispatch/middleware/templates/rescues/_trace.html.erb (1.9ms)
  Rendered /Users/mswieboda/.rbenv/versions/2.3.4/lib/ruby/gems/2.3.0/gems/actionpack-4.2.5/lib/action_dispatch/middleware/templates/rescues/_request_and_response.html.erb (0.8ms)
  Rendered /Users/mswieboda/.rbenv/versions/2.3.4/lib/ruby/gems/2.3.0/gems/actionpack-4.2.5/lib/action_dispatch/middleware/templates/rescues/diagnostics.html.erb within rescues/layout (60.5ms)
  Rendered /Users/mswieboda/.rbenv/versions/2.3.4/lib/ruby/gems/2.3.0/gems/web-console-2.3.0/lib/web_console/templates/_markup.html.erb (0.5ms)
  Rendered /Users/mswieboda/.rbenv/versions/2.3.4/lib/ruby/gems/2.3.0/gems/web-console-2.3.0/lib/web_console/templates/_inner_console_markup.html.erb within layouts/inlined_string (0.3ms)
  Rendered /Users/mswieboda/.rbenv/versions/2.3.4/lib/ruby/gems/2.3.0/gems/web-console-2.3.0/lib/web_console/templates/_prompt_box_markup.html.erb within layouts/inlined_string (0.3ms)
  Rendered /Users/mswieboda/.rbenv/versions/2.3.4/lib/ruby/gems/2.3.0/gems/web-console-2.3.0/lib/web_console/templates/style.css.erb within layouts/inlined_string (0.5ms)
  Rendered /Users/mswieboda/.rbenv/versions/2.3.4/lib/ruby/gems/2.3.0/gems/web-console-2.3.0/lib/web_console/templates/console.js.erb within layouts/javascript (63.6ms)
  Rendered /Users/mswieboda/.rbenv/versions/2.3.4/lib/ruby/gems/2.3.0/gems/web-console-2.3.0/lib/web_console/templates/main.js.erb within layouts/javascript (0.3ms)
  Rendered /Users/mswieboda/.rbenv/versions/2.3.4/lib/ruby/gems/2.3.0/gems/web-console-2.3.0/lib/web_console/templates/error_page.js.erb within layouts/javascript (0.4ms)
  Rendered /Users/mswieboda/.rbenv/versions/2.3.4/lib/ruby/gems/2.3.0/gems/web-console-2.3.0/lib/web_console/templates/index.html.erb (135.6ms)


Started GET "/favicon.ico" for ::1 at 2017-10-24 19:31:34 -0500

PG::ConnectionBad (could not connect to server: No such file or directory
	Is the server running locally and accepting
	connections on Unix domain socket "/var/pgsql_socket/.s.PGSQL.5432"?
):
  activerecord (4.2.5) lib/active_record/connection_adapters/postgresql_adapter.rb:651:in `initialize'
  activerecord (4.2.5) lib/active_record/connection_adapters/postgresql_adapter.rb:651:in `new'
  activerecord (4.2.5) lib/active_record/connection_adapters/postgresql_adapter.rb:651:in `connect'
  activerecord (4.2.5) lib/active_record/connection_adapters/postgresql_adapter.rb:242:in `initialize'
  activerecord (4.2.5) lib/active_record/connection_adapters/postgresql_adapter.rb:44:in `new'
  activerecord (4.2.5) lib/active_record/connection_adapters/postgresql_adapter.rb:44:in `postgresql_connection'
  activerecord (4.2.5) lib/active_record/connection_adapters/abstract/connection_pool.rb:438:in `new_connection'
  activerecord (4.2.5) lib/active_record/connection_adapters/abstract/connection_pool.rb:448:in `checkout_new_connection'
  activerecord (4.2.5) lib/active_record/connection_adapters/abstract/connection_pool.rb:422:in `acquire_connection'
  activerecord (4.2.5) lib/active_record/connection_adapters/abstract/connection_pool.rb:349:in `block in checkout'
  /Users/mswieboda/.rbenv/versions/2.3.4/lib/ruby/2.3.0/monitor.rb:214:in `mon_synchronize'
  activerecord (4.2.5) lib/active_record/connection_adapters/abstract/connection_pool.rb:348:in `checkout'
  activerecord (4.2.5) lib/active_record/connection_adapters/abstract/connection_pool.rb:263:in `block in connection'
  /Users/mswieboda/.rbenv/versions/2.3.4/lib/ruby/2.3.0/monitor.rb:214:in `mon_synchronize'
  activerecord (4.2.5) lib/active_record/connection_adapters/abstract/connection_pool.rb:262:in `connection'
  activerecord (4.2.5) lib/active_record/connection_adapters/abstract/connection_pool.rb:571:in `retrieve_connection'
  activerecord (4.2.5) lib/active_record/connection_handling.rb:113:in `retrieve_connection'
  activerecord (4.2.5) lib/active_record/connection_handling.rb:87:in `connection'
  activerecord (4.2.5) lib/active_record/migration.rb:383:in `connection'
  activerecord (4.2.5) lib/active_record/migration.rb:370:in `call'
  actionpack (4.2.5) lib/action_dispatch/middleware/callbacks.rb:29:in `block in call'
  activesupport (4.2.5) lib/active_support/callbacks.rb:88:in `__run_callbacks__'
  activesupport (4.2.5) lib/active_support/callbacks.rb:778:in `_run_call_callbacks'
  activesupport (4.2.5) lib/active_support/callbacks.rb:81:in `run_callbacks'
  actionpack (4.2.5) lib/action_dispatch/middleware/callbacks.rb:27:in `call'
  actionpack (4.2.5) lib/action_dispatch/middleware/reloader.rb:73:in `call'
  actionpack (4.2.5) lib/action_dispatch/middleware/remote_ip.rb:78:in `call'
  actionpack (4.2.5) lib/action_dispatch/middleware/debug_exceptions.rb:17:in `call'
  web-console (2.3.0) lib/web_console/middleware.rb:28:in `block in call'
  web-console (2.3.0) lib/web_console/middleware.rb:18:in `catch'
  web-console (2.3.0) lib/web_console/middleware.rb:18:in `call'
  actionpack (4.2.5) lib/action_dispatch/middleware/show_exceptions.rb:30:in `call'
  railties (4.2.5) lib/rails/rack/logger.rb:38:in `call_app'
  railties (4.2.5) lib/rails/rack/logger.rb:20:in `block in call'
  activesupport (4.2.5) lib/active_support/tagged_logging.rb:68:in `block in tagged'
  activesupport (4.2.5) lib/active_support/tagged_logging.rb:26:in `tagged'
  activesupport (4.2.5) lib/active_support/tagged_logging.rb:68:in `tagged'
  railties (4.2.5) lib/rails/rack/logger.rb:20:in `call'
  actionpack (4.2.5) lib/action_dispatch/middleware/request_id.rb:21:in `call'
  rack (1.6.4) lib/rack/methodoverride.rb:22:in `call'
  rack (1.6.4) lib/rack/runtime.rb:18:in `call'
  activesupport (4.2.5) lib/active_support/cache/strategy/local_cache_middleware.rb:28:in `call'
  rack (1.6.4) lib/rack/lock.rb:17:in `call'
  actionpack (4.2.5) lib/action_dispatch/middleware/static.rb:116:in `call'
  rack (1.6.4) lib/rack/sendfile.rb:113:in `call'
  railties (4.2.5) lib/rails/engine.rb:518:in `call'
  railties (4.2.5) lib/rails/application.rb:165:in `call'
  rack (1.6.4) lib/rack/lock.rb:17:in `call'
  rack (1.6.4) lib/rack/content_length.rb:15:in `call'
  rack (1.6.4) lib/rack/handler/webrick.rb:88:in `service'
  /Users/mswieboda/.rbenv/versions/2.3.4/lib/ruby/2.3.0/webrick/httpserver.rb:140:in `service'
  /Users/mswieboda/.rbenv/versions/2.3.4/lib/ruby/2.3.0/webrick/httpserver.rb:96:in `run'
  /Users/mswieboda/.rbenv/versions/2.3.4/lib/ruby/2.3.0/webrick/server.rb:296:in `block in start_thread'


  Rendered /Users/mswieboda/.rbenv/versions/2.3.4/lib/ruby/gems/2.3.0/gems/actionpack-4.2.5/lib/action_dispatch/middleware/templates/rescues/_source.erb (2.9ms)
  Rendered /Users/mswieboda/.rbenv/versions/2.3.4/lib/ruby/gems/2.3.0/gems/actionpack-4.2.5/lib/action_dispatch/middleware/templates/rescues/_trace.html.erb (1.4ms)
  Rendered /Users/mswieboda/.rbenv/versions/2.3.4/lib/ruby/gems/2.3.0/gems/actionpack-4.2.5/lib/action_dispatch/middleware/templates/rescues/_request_and_response.html.erb (0.8ms)
  Rendered /Users/mswieboda/.rbenv/versions/2.3.4/lib/ruby/gems/2.3.0/gems/actionpack-4.2.5/lib/action_dispatch/middleware/templates/rescues/diagnostics.html.erb within rescues/layout (54.1ms)
  Rendered /Users/mswieboda/.rbenv/versions/2.3.4/lib/ruby/gems/2.3.0/gems/web-console-2.3.0/lib/web_console/templates/_markup.html.erb (0.3ms)
  Rendered /Users/mswieboda/.rbenv/versions/2.3.4/lib/ruby/gems/2.3.0/gems/web-console-2.3.0/lib/web_console/templates/_inner_console_markup.html.erb within layouts/inlined_string (0.5ms)
  Rendered /Users/mswieboda/.rbenv/versions/2.3.4/lib/ruby/gems/2.3.0/gems/web-console-2.3.0/lib/web_console/templates/_prompt_box_markup.html.erb within layouts/inlined_string (0.5ms)
  Rendered /Users/mswieboda/.rbenv/versions/2.3.4/lib/ruby/gems/2.3.0/gems/web-console-2.3.0/lib/web_console/templates/style.css.erb within layouts/inlined_string (0.3ms)
  Rendered /Users/mswieboda/.rbenv/versions/2.3.4/lib/ruby/gems/2.3.0/gems/web-console-2.3.0/lib/web_console/templates/console.js.erb within layouts/javascript (54.9ms)
  Rendered /Users/mswieboda/.rbenv/versions/2.3.4/lib/ruby/gems/2.3.0/gems/web-console-2.3.0/lib/web_console/templates/main.js.erb within layouts/javascript (0.3ms)
  Rendered /Users/mswieboda/.rbenv/versions/2.3.4/lib/ruby/gems/2.3.0/gems/web-console-2.3.0/lib/web_console/templates/error_page.js.erb within layouts/javascript (0.4ms)
  Rendered /Users/mswieboda/.rbenv/versions/2.3.4/lib/ruby/gems/2.3.0/gems/web-console-2.3.0/lib/web_console/templates/index.html.erb (114.7ms)
**WARNING** ReactOnRails: ReactOnRails gem and node package MAJOR versions do not match
                     gem: 6.0.5
            node package: 8.0.5
Ensure the installed MAJOR version of the gem is the same as the MAJOR version of 
your installed node package.


Started GET "/" for ::1 at 2017-10-24 20:00:07 -0500

PG::ConnectionBad (could not connect to server: No such file or directory
	Is the server running locally and accepting
	connections on Unix domain socket "/var/pgsql_socket/.s.PGSQL.5432"?
):
  activerecord (4.2.5) lib/active_record/connection_adapters/postgresql_adapter.rb:651:in `initialize'
  activerecord (4.2.5) lib/active_record/connection_adapters/postgresql_adapter.rb:651:in `new'
  activerecord (4.2.5) lib/active_record/connection_adapters/postgresql_adapter.rb:651:in `connect'
  activerecord (4.2.5) lib/active_record/connection_adapters/postgresql_adapter.rb:242:in `initialize'
  activerecord (4.2.5) lib/active_record/connection_adapters/postgresql_adapter.rb:44:in `new'
  activerecord (4.2.5) lib/active_record/connection_adapters/postgresql_adapter.rb:44:in `postgresql_connection'
  activerecord (4.2.5) lib/active_record/connection_adapters/abstract/connection_pool.rb:438:in `new_connection'
  activerecord (4.2.5) lib/active_record/connection_adapters/abstract/connection_pool.rb:448:in `checkout_new_connection'
  activerecord (4.2.5) lib/active_record/connection_adapters/abstract/connection_pool.rb:422:in `acquire_connection'
  activerecord (4.2.5) lib/active_record/connection_adapters/abstract/connection_pool.rb:349:in `block in checkout'
  /Users/mswieboda/.rbenv/versions/2.3.4/lib/ruby/2.3.0/monitor.rb:214:in `mon_synchronize'
  activerecord (4.2.5) lib/active_record/connection_adapters/abstract/connection_pool.rb:348:in `checkout'
  activerecord (4.2.5) lib/active_record/connection_adapters/abstract/connection_pool.rb:263:in `block in connection'
  /Users/mswieboda/.rbenv/versions/2.3.4/lib/ruby/2.3.0/monitor.rb:214:in `mon_synchronize'
  activerecord (4.2.5) lib/active_record/connection_adapters/abstract/connection_pool.rb:262:in `connection'
  activerecord (4.2.5) lib/active_record/connection_adapters/abstract/connection_pool.rb:571:in `retrieve_connection'
  activerecord (4.2.5) lib/active_record/connection_handling.rb:113:in `retrieve_connection'
  activerecord (4.2.5) lib/active_record/connection_handling.rb:87:in `connection'
  activerecord (4.2.5) lib/active_record/migration.rb:383:in `connection'
  activerecord (4.2.5) lib/active_record/migration.rb:370:in `call'
  actionpack (4.2.5) lib/action_dispatch/middleware/callbacks.rb:29:in `block in call'
  activesupport (4.2.5) lib/active_support/callbacks.rb:88:in `__run_callbacks__'
  activesupport (4.2.5) lib/active_support/callbacks.rb:778:in `_run_call_callbacks'
  activesupport (4.2.5) lib/active_support/callbacks.rb:81:in `run_callbacks'
  actionpack (4.2.5) lib/action_dispatch/middleware/callbacks.rb:27:in `call'
  actionpack (4.2.5) lib/action_dispatch/middleware/reloader.rb:73:in `call'
  actionpack (4.2.5) lib/action_dispatch/middleware/remote_ip.rb:78:in `call'
  actionpack (4.2.5) lib/action_dispatch/middleware/debug_exceptions.rb:17:in `call'
  web-console (2.3.0) lib/web_console/middleware.rb:28:in `block in call'
  web-console (2.3.0) lib/web_console/middleware.rb:18:in `catch'
  web-console (2.3.0) lib/web_console/middleware.rb:18:in `call'
  actionpack (4.2.5) lib/action_dispatch/middleware/show_exceptions.rb:30:in `call'
  railties (4.2.5) lib/rails/rack/logger.rb:38:in `call_app'
  railties (4.2.5) lib/rails/rack/logger.rb:20:in `block in call'
  activesupport (4.2.5) lib/active_support/tagged_logging.rb:68:in `block in tagged'
  activesupport (4.2.5) lib/active_support/tagged_logging.rb:26:in `tagged'
  activesupport (4.2.5) lib/active_support/tagged_logging.rb:68:in `tagged'
  railties (4.2.5) lib/rails/rack/logger.rb:20:in `call'
  actionpack (4.2.5) lib/action_dispatch/middleware/request_id.rb:21:in `call'
  rack (1.6.4) lib/rack/methodoverride.rb:22:in `call'
  rack (1.6.4) lib/rack/runtime.rb:18:in `call'
  activesupport (4.2.5) lib/active_support/cache/strategy/local_cache_middleware.rb:28:in `call'
  rack (1.6.4) lib/rack/lock.rb:17:in `call'
  actionpack (4.2.5) lib/action_dispatch/middleware/static.rb:116:in `call'
  rack (1.6.4) lib/rack/sendfile.rb:113:in `call'
  railties (4.2.5) lib/rails/engine.rb:518:in `call'
  railties (4.2.5) lib/rails/application.rb:165:in `call'
  rack (1.6.4) lib/rack/lock.rb:17:in `call'
  rack (1.6.4) lib/rack/content_length.rb:15:in `call'
  rack (1.6.4) lib/rack/handler/webrick.rb:88:in `service'
  /Users/mswieboda/.rbenv/versions/2.3.4/lib/ruby/2.3.0/webrick/httpserver.rb:140:in `service'
  /Users/mswieboda/.rbenv/versions/2.3.4/lib/ruby/2.3.0/webrick/httpserver.rb:96:in `run'
  /Users/mswieboda/.rbenv/versions/2.3.4/lib/ruby/2.3.0/webrick/server.rb:296:in `block in start_thread'


  Rendered /Users/mswieboda/.rbenv/versions/2.3.4/lib/ruby/gems/2.3.0/gems/actionpack-4.2.5/lib/action_dispatch/middleware/templates/rescues/_source.erb (3.7ms)
  Rendered /Users/mswieboda/.rbenv/versions/2.3.4/lib/ruby/gems/2.3.0/gems/actionpack-4.2.5/lib/action_dispatch/middleware/templates/rescues/_trace.html.erb (1.8ms)
  Rendered /Users/mswieboda/.rbenv/versions/2.3.4/lib/ruby/gems/2.3.0/gems/actionpack-4.2.5/lib/action_dispatch/middleware/templates/rescues/_request_and_response.html.erb (0.9ms)
  Rendered /Users/mswieboda/.rbenv/versions/2.3.4/lib/ruby/gems/2.3.0/gems/actionpack-4.2.5/lib/action_dispatch/middleware/templates/rescues/diagnostics.html.erb within rescues/layout (65.2ms)
  Rendered /Users/mswieboda/.rbenv/versions/2.3.4/lib/ruby/gems/2.3.0/gems/web-console-2.3.0/lib/web_console/templates/_markup.html.erb (0.5ms)
  Rendered /Users/mswieboda/.rbenv/versions/2.3.4/lib/ruby/gems/2.3.0/gems/web-console-2.3.0/lib/web_console/templates/_inner_console_markup.html.erb within layouts/inlined_string (0.4ms)
  Rendered /Users/mswieboda/.rbenv/versions/2.3.4/lib/ruby/gems/2.3.0/gems/web-console-2.3.0/lib/web_console/templates/_prompt_box_markup.html.erb within layouts/inlined_string (0.4ms)
  Rendered /Users/mswieboda/.rbenv/versions/2.3.4/lib/ruby/gems/2.3.0/gems/web-console-2.3.0/lib/web_console/templates/style.css.erb within layouts/inlined_string (0.8ms)
  Rendered /Users/mswieboda/.rbenv/versions/2.3.4/lib/ruby/gems/2.3.0/gems/web-console-2.3.0/lib/web_console/templates/console.js.erb within layouts/javascript (69.6ms)
  Rendered /Users/mswieboda/.rbenv/versions/2.3.4/lib/ruby/gems/2.3.0/gems/web-console-2.3.0/lib/web_console/templates/main.js.erb within layouts/javascript (0.3ms)
  Rendered /Users/mswieboda/.rbenv/versions/2.3.4/lib/ruby/gems/2.3.0/gems/web-console-2.3.0/lib/web_console/templates/error_page.js.erb within layouts/javascript (0.7ms)
  Rendered /Users/mswieboda/.rbenv/versions/2.3.4/lib/ruby/gems/2.3.0/gems/web-console-2.3.0/lib/web_console/templates/index.html.erb (150.8ms)


Started GET "/favicon.ico" for ::1 at 2017-10-24 20:00:08 -0500

PG::ConnectionBad (could not connect to server: No such file or directory
	Is the server running locally and accepting
	connections on Unix domain socket "/var/pgsql_socket/.s.PGSQL.5432"?
):
  activerecord (4.2.5) lib/active_record/connection_adapters/postgresql_adapter.rb:651:in `initialize'
  activerecord (4.2.5) lib/active_record/connection_adapters/postgresql_adapter.rb:651:in `new'
  activerecord (4.2.5) lib/active_record/connection_adapters/postgresql_adapter.rb:651:in `connect'
  activerecord (4.2.5) lib/active_record/connection_adapters/postgresql_adapter.rb:242:in `initialize'
  activerecord (4.2.5) lib/active_record/connection_adapters/postgresql_adapter.rb:44:in `new'
  activerecord (4.2.5) lib/active_record/connection_adapters/postgresql_adapter.rb:44:in `postgresql_connection'
  activerecord (4.2.5) lib/active_record/connection_adapters/abstract/connection_pool.rb:438:in `new_connection'
  activerecord (4.2.5) lib/active_record/connection_adapters/abstract/connection_pool.rb:448:in `checkout_new_connection'
  activerecord (4.2.5) lib/active_record/connection_adapters/abstract/connection_pool.rb:422:in `acquire_connection'
  activerecord (4.2.5) lib/active_record/connection_adapters/abstract/connection_pool.rb:349:in `block in checkout'
  /Users/mswieboda/.rbenv/versions/2.3.4/lib/ruby/2.3.0/monitor.rb:214:in `mon_synchronize'
  activerecord (4.2.5) lib/active_record/connection_adapters/abstract/connection_pool.rb:348:in `checkout'
  activerecord (4.2.5) lib/active_record/connection_adapters/abstract/connection_pool.rb:263:in `block in connection'
  /Users/mswieboda/.rbenv/versions/2.3.4/lib/ruby/2.3.0/monitor.rb:214:in `mon_synchronize'
  activerecord (4.2.5) lib/active_record/connection_adapters/abstract/connection_pool.rb:262:in `connection'
  activerecord (4.2.5) lib/active_record/connection_adapters/abstract/connection_pool.rb:571:in `retrieve_connection'
  activerecord (4.2.5) lib/active_record/connection_handling.rb:113:in `retrieve_connection'
  activerecord (4.2.5) lib/active_record/connection_handling.rb:87:in `connection'
  activerecord (4.2.5) lib/active_record/migration.rb:383:in `connection'
  activerecord (4.2.5) lib/active_record/migration.rb:370:in `call'
  actionpack (4.2.5) lib/action_dispatch/middleware/callbacks.rb:29:in `block in call'
  activesupport (4.2.5) lib/active_support/callbacks.rb:88:in `__run_callbacks__'
  activesupport (4.2.5) lib/active_support/callbacks.rb:778:in `_run_call_callbacks'
  activesupport (4.2.5) lib/active_support/callbacks.rb:81:in `run_callbacks'
  actionpack (4.2.5) lib/action_dispatch/middleware/callbacks.rb:27:in `call'
  actionpack (4.2.5) lib/action_dispatch/middleware/reloader.rb:73:in `call'
  actionpack (4.2.5) lib/action_dispatch/middleware/remote_ip.rb:78:in `call'
  actionpack (4.2.5) lib/action_dispatch/middleware/debug_exceptions.rb:17:in `call'
  web-console (2.3.0) lib/web_console/middleware.rb:28:in `block in call'
  web-console (2.3.0) lib/web_console/middleware.rb:18:in `catch'
  web-console (2.3.0) lib/web_console/middleware.rb:18:in `call'
  actionpack (4.2.5) lib/action_dispatch/middleware/show_exceptions.rb:30:in `call'
  railties (4.2.5) lib/rails/rack/logger.rb:38:in `call_app'
  railties (4.2.5) lib/rails/rack/logger.rb:20:in `block in call'
  activesupport (4.2.5) lib/active_support/tagged_logging.rb:68:in `block in tagged'
  activesupport (4.2.5) lib/active_support/tagged_logging.rb:26:in `tagged'
  activesupport (4.2.5) lib/active_support/tagged_logging.rb:68:in `tagged'
  railties (4.2.5) lib/rails/rack/logger.rb:20:in `call'
  actionpack (4.2.5) lib/action_dispatch/middleware/request_id.rb:21:in `call'
  rack (1.6.4) lib/rack/methodoverride.rb:22:in `call'
  rack (1.6.4) lib/rack/runtime.rb:18:in `call'
  activesupport (4.2.5) lib/active_support/cache/strategy/local_cache_middleware.rb:28:in `call'
  rack (1.6.4) lib/rack/lock.rb:17:in `call'
  actionpack (4.2.5) lib/action_dispatch/middleware/static.rb:116:in `call'
  rack (1.6.4) lib/rack/sendfile.rb:113:in `call'
  railties (4.2.5) lib/rails/engine.rb:518:in `call'
  railties (4.2.5) lib/rails/application.rb:165:in `call'
  rack (1.6.4) lib/rack/lock.rb:17:in `call'
  rack (1.6.4) lib/rack/content_length.rb:15:in `call'
  rack (1.6.4) lib/rack/handler/webrick.rb:88:in `service'
  /Users/mswieboda/.rbenv/versions/2.3.4/lib/ruby/2.3.0/webrick/httpserver.rb:140:in `service'
  /Users/mswieboda/.rbenv/versions/2.3.4/lib/ruby/2.3.0/webrick/httpserver.rb:96:in `run'
  /Users/mswieboda/.rbenv/versions/2.3.4/lib/ruby/2.3.0/webrick/server.rb:296:in `block in start_thread'


  Rendered /Users/mswieboda/.rbenv/versions/2.3.4/lib/ruby/gems/2.3.0/gems/actionpack-4.2.5/lib/action_dispatch/middleware/templates/rescues/_source.erb (2.5ms)
  Rendered /Users/mswieboda/.rbenv/versions/2.3.4/lib/ruby/gems/2.3.0/gems/actionpack-4.2.5/lib/action_dispatch/middleware/templates/rescues/_trace.html.erb (1.5ms)
  Rendered /Users/mswieboda/.rbenv/versions/2.3.4/lib/ruby/gems/2.3.0/gems/actionpack-4.2.5/lib/action_dispatch/middleware/templates/rescues/_request_and_response.html.erb (0.8ms)
  Rendered /Users/mswieboda/.rbenv/versions/2.3.4/lib/ruby/gems/2.3.0/gems/actionpack-4.2.5/lib/action_dispatch/middleware/templates/rescues/diagnostics.html.erb within rescues/layout (59.4ms)
  Rendered /Users/mswieboda/.rbenv/versions/2.3.4/lib/ruby/gems/2.3.0/gems/web-console-2.3.0/lib/web_console/templates/_markup.html.erb (0.4ms)
  Rendered /Users/mswieboda/.rbenv/versions/2.3.4/lib/ruby/gems/2.3.0/gems/web-console-2.3.0/lib/web_console/templates/_inner_console_markup.html.erb within layouts/inlined_string (0.5ms)
  Rendered /Users/mswieboda/.rbenv/versions/2.3.4/lib/ruby/gems/2.3.0/gems/web-console-2.3.0/lib/web_console/templates/_prompt_box_markup.html.erb within layouts/inlined_string (0.3ms)
  Rendered /Users/mswieboda/.rbenv/versions/2.3.4/lib/ruby/gems/2.3.0/gems/web-console-2.3.0/lib/web_console/templates/style.css.erb within layouts/inlined_string (0.6ms)
  Rendered /Users/mswieboda/.rbenv/versions/2.3.4/lib/ruby/gems/2.3.0/gems/web-console-2.3.0/lib/web_console/templates/console.js.erb within layouts/javascript (56.8ms)
  Rendered /Users/mswieboda/.rbenv/versions/2.3.4/lib/ruby/gems/2.3.0/gems/web-console-2.3.0/lib/web_console/templates/main.js.erb within layouts/javascript (0.6ms)
  Rendered /Users/mswieboda/.rbenv/versions/2.3.4/lib/ruby/gems/2.3.0/gems/web-console-2.3.0/lib/web_console/templates/error_page.js.erb within layouts/javascript (0.4ms)
  Rendered /Users/mswieboda/.rbenv/versions/2.3.4/lib/ruby/gems/2.3.0/gems/web-console-2.3.0/lib/web_console/templates/index.html.erb (127.7ms)
**WARNING** ReactOnRails: ReactOnRails gem and node package MAJOR versions do not match
                     gem: 6.0.5
            node package: 8.0.5
Ensure the installed MAJOR version of the gem is the same as the MAJOR version of 
your installed node package.
**WARNING** ReactOnRails: ReactOnRails gem and node package MAJOR versions do not match
                     gem: 6.0.5
            node package: 8.0.5
Ensure the installed MAJOR version of the gem is the same as the MAJOR version of 
your installed node package.


Started GET "/" for ::1 at 2017-10-24 20:04:28 -0500

PG::ConnectionBad (could not connect to server: No such file or directory
	Is the server running locally and accepting
	connections on Unix domain socket "/var/pgsql_socket/.s.PGSQL.5432"?
):
  activerecord (4.2.5) lib/active_record/connection_adapters/postgresql_adapter.rb:651:in `initialize'
  activerecord (4.2.5) lib/active_record/connection_adapters/postgresql_adapter.rb:651:in `new'
  activerecord (4.2.5) lib/active_record/connection_adapters/postgresql_adapter.rb:651:in `connect'
  activerecord (4.2.5) lib/active_record/connection_adapters/postgresql_adapter.rb:242:in `initialize'
  activerecord (4.2.5) lib/active_record/connection_adapters/postgresql_adapter.rb:44:in `new'
  activerecord (4.2.5) lib/active_record/connection_adapters/postgresql_adapter.rb:44:in `postgresql_connection'
  activerecord (4.2.5) lib/active_record/connection_adapters/abstract/connection_pool.rb:438:in `new_connection'
  activerecord (4.2.5) lib/active_record/connection_adapters/abstract/connection_pool.rb:448:in `checkout_new_connection'
  activerecord (4.2.5) lib/active_record/connection_adapters/abstract/connection_pool.rb:422:in `acquire_connection'
  activerecord (4.2.5) lib/active_record/connection_adapters/abstract/connection_pool.rb:349:in `block in checkout'
  /Users/mswieboda/.rbenv/versions/2.3.4/lib/ruby/2.3.0/monitor.rb:214:in `mon_synchronize'
  activerecord (4.2.5) lib/active_record/connection_adapters/abstract/connection_pool.rb:348:in `checkout'
  activerecord (4.2.5) lib/active_record/connection_adapters/abstract/connection_pool.rb:263:in `block in connection'
  /Users/mswieboda/.rbenv/versions/2.3.4/lib/ruby/2.3.0/monitor.rb:214:in `mon_synchronize'
  activerecord (4.2.5) lib/active_record/connection_adapters/abstract/connection_pool.rb:262:in `connection'
  activerecord (4.2.5) lib/active_record/connection_adapters/abstract/connection_pool.rb:571:in `retrieve_connection'
  activerecord (4.2.5) lib/active_record/connection_handling.rb:113:in `retrieve_connection'
  activerecord (4.2.5) lib/active_record/connection_handling.rb:87:in `connection'
  activerecord (4.2.5) lib/active_record/migration.rb:383:in `connection'
  activerecord (4.2.5) lib/active_record/migration.rb:370:in `call'
  actionpack (4.2.5) lib/action_dispatch/middleware/callbacks.rb:29:in `block in call'
  activesupport (4.2.5) lib/active_support/callbacks.rb:88:in `__run_callbacks__'
  activesupport (4.2.5) lib/active_support/callbacks.rb:778:in `_run_call_callbacks'
  activesupport (4.2.5) lib/active_support/callbacks.rb:81:in `run_callbacks'
  actionpack (4.2.5) lib/action_dispatch/middleware/callbacks.rb:27:in `call'
  actionpack (4.2.5) lib/action_dispatch/middleware/reloader.rb:73:in `call'
  actionpack (4.2.5) lib/action_dispatch/middleware/remote_ip.rb:78:in `call'
  actionpack (4.2.5) lib/action_dispatch/middleware/debug_exceptions.rb:17:in `call'
  web-console (2.3.0) lib/web_console/middleware.rb:28:in `block in call'
  web-console (2.3.0) lib/web_console/middleware.rb:18:in `catch'
  web-console (2.3.0) lib/web_console/middleware.rb:18:in `call'
  actionpack (4.2.5) lib/action_dispatch/middleware/show_exceptions.rb:30:in `call'
  railties (4.2.5) lib/rails/rack/logger.rb:38:in `call_app'
  railties (4.2.5) lib/rails/rack/logger.rb:20:in `block in call'
  activesupport (4.2.5) lib/active_support/tagged_logging.rb:68:in `block in tagged'
  activesupport (4.2.5) lib/active_support/tagged_logging.rb:26:in `tagged'
  activesupport (4.2.5) lib/active_support/tagged_logging.rb:68:in `tagged'
  railties (4.2.5) lib/rails/rack/logger.rb:20:in `call'
  actionpack (4.2.5) lib/action_dispatch/middleware/request_id.rb:21:in `call'
  rack (1.6.4) lib/rack/methodoverride.rb:22:in `call'
  rack (1.6.4) lib/rack/runtime.rb:18:in `call'
  activesupport (4.2.5) lib/active_support/cache/strategy/local_cache_middleware.rb:28:in `call'
  rack (1.6.4) lib/rack/lock.rb:17:in `call'
  actionpack (4.2.5) lib/action_dispatch/middleware/static.rb:116:in `call'
  rack (1.6.4) lib/rack/sendfile.rb:113:in `call'
  railties (4.2.5) lib/rails/engine.rb:518:in `call'
  railties (4.2.5) lib/rails/application.rb:165:in `call'
  rack (1.6.4) lib/rack/lock.rb:17:in `call'
  rack (1.6.4) lib/rack/content_length.rb:15:in `call'
  rack (1.6.4) lib/rack/handler/webrick.rb:88:in `service'
  /Users/mswieboda/.rbenv/versions/2.3.4/lib/ruby/2.3.0/webrick/httpserver.rb:140:in `service'
  /Users/mswieboda/.rbenv/versions/2.3.4/lib/ruby/2.3.0/webrick/httpserver.rb:96:in `run'
  /Users/mswieboda/.rbenv/versions/2.3.4/lib/ruby/2.3.0/webrick/server.rb:296:in `block in start_thread'


  Rendered /Users/mswieboda/.rbenv/versions/2.3.4/lib/ruby/gems/2.3.0/gems/actionpack-4.2.5/lib/action_dispatch/middleware/templates/rescues/_source.erb (3.1ms)
  Rendered /Users/mswieboda/.rbenv/versions/2.3.4/lib/ruby/gems/2.3.0/gems/actionpack-4.2.5/lib/action_dispatch/middleware/templates/rescues/_trace.html.erb (1.7ms)
  Rendered /Users/mswieboda/.rbenv/versions/2.3.4/lib/ruby/gems/2.3.0/gems/actionpack-4.2.5/lib/action_dispatch/middleware/templates/rescues/_request_and_response.html.erb (0.9ms)
  Rendered /Users/mswieboda/.rbenv/versions/2.3.4/lib/ruby/gems/2.3.0/gems/actionpack-4.2.5/lib/action_dispatch/middleware/templates/rescues/diagnostics.html.erb within rescues/layout (66.7ms)
  Rendered /Users/mswieboda/.rbenv/versions/2.3.4/lib/ruby/gems/2.3.0/gems/web-console-2.3.0/lib/web_console/templates/_markup.html.erb (0.4ms)
  Rendered /Users/mswieboda/.rbenv/versions/2.3.4/lib/ruby/gems/2.3.0/gems/web-console-2.3.0/lib/web_console/templates/_inner_console_markup.html.erb within layouts/inlined_string (0.3ms)
  Rendered /Users/mswieboda/.rbenv/versions/2.3.4/lib/ruby/gems/2.3.0/gems/web-console-2.3.0/lib/web_console/templates/_prompt_box_markup.html.erb within layouts/inlined_string (0.3ms)
  Rendered /Users/mswieboda/.rbenv/versions/2.3.4/lib/ruby/gems/2.3.0/gems/web-console-2.3.0/lib/web_console/templates/style.css.erb within layouts/inlined_string (0.4ms)
  Rendered /Users/mswieboda/.rbenv/versions/2.3.4/lib/ruby/gems/2.3.0/gems/web-console-2.3.0/lib/web_console/templates/console.js.erb within layouts/javascript (68.1ms)
  Rendered /Users/mswieboda/.rbenv/versions/2.3.4/lib/ruby/gems/2.3.0/gems/web-console-2.3.0/lib/web_console/templates/main.js.erb within layouts/javascript (0.6ms)
  Rendered /Users/mswieboda/.rbenv/versions/2.3.4/lib/ruby/gems/2.3.0/gems/web-console-2.3.0/lib/web_console/templates/error_page.js.erb within layouts/javascript (0.4ms)
  Rendered /Users/mswieboda/.rbenv/versions/2.3.4/lib/ruby/gems/2.3.0/gems/web-console-2.3.0/lib/web_console/templates/index.html.erb (156.0ms)


Started GET "/favicon.ico" for ::1 at 2017-10-24 20:04:29 -0500

PG::ConnectionBad (could not connect to server: No such file or directory
	Is the server running locally and accepting
	connections on Unix domain socket "/var/pgsql_socket/.s.PGSQL.5432"?
):
  activerecord (4.2.5) lib/active_record/connection_adapters/postgresql_adapter.rb:651:in `initialize'
  activerecord (4.2.5) lib/active_record/connection_adapters/postgresql_adapter.rb:651:in `new'
  activerecord (4.2.5) lib/active_record/connection_adapters/postgresql_adapter.rb:651:in `connect'
  activerecord (4.2.5) lib/active_record/connection_adapters/postgresql_adapter.rb:242:in `initialize'
  activerecord (4.2.5) lib/active_record/connection_adapters/postgresql_adapter.rb:44:in `new'
  activerecord (4.2.5) lib/active_record/connection_adapters/postgresql_adapter.rb:44:in `postgresql_connection'
  activerecord (4.2.5) lib/active_record/connection_adapters/abstract/connection_pool.rb:438:in `new_connection'
  activerecord (4.2.5) lib/active_record/connection_adapters/abstract/connection_pool.rb:448:in `checkout_new_connection'
  activerecord (4.2.5) lib/active_record/connection_adapters/abstract/connection_pool.rb:422:in `acquire_connection'
  activerecord (4.2.5) lib/active_record/connection_adapters/abstract/connection_pool.rb:349:in `block in checkout'
  /Users/mswieboda/.rbenv/versions/2.3.4/lib/ruby/2.3.0/monitor.rb:214:in `mon_synchronize'
  activerecord (4.2.5) lib/active_record/connection_adapters/abstract/connection_pool.rb:348:in `checkout'
  activerecord (4.2.5) lib/active_record/connection_adapters/abstract/connection_pool.rb:263:in `block in connection'
  /Users/mswieboda/.rbenv/versions/2.3.4/lib/ruby/2.3.0/monitor.rb:214:in `mon_synchronize'
  activerecord (4.2.5) lib/active_record/connection_adapters/abstract/connection_pool.rb:262:in `connection'
  activerecord (4.2.5) lib/active_record/connection_adapters/abstract/connection_pool.rb:571:in `retrieve_connection'
  activerecord (4.2.5) lib/active_record/connection_handling.rb:113:in `retrieve_connection'
  activerecord (4.2.5) lib/active_record/connection_handling.rb:87:in `connection'
  activerecord (4.2.5) lib/active_record/migration.rb:383:in `connection'
  activerecord (4.2.5) lib/active_record/migration.rb:370:in `call'
  actionpack (4.2.5) lib/action_dispatch/middleware/callbacks.rb:29:in `block in call'
  activesupport (4.2.5) lib/active_support/callbacks.rb:88:in `__run_callbacks__'
  activesupport (4.2.5) lib/active_support/callbacks.rb:778:in `_run_call_callbacks'
  activesupport (4.2.5) lib/active_support/callbacks.rb:81:in `run_callbacks'
  actionpack (4.2.5) lib/action_dispatch/middleware/callbacks.rb:27:in `call'
  actionpack (4.2.5) lib/action_dispatch/middleware/reloader.rb:73:in `call'
  actionpack (4.2.5) lib/action_dispatch/middleware/remote_ip.rb:78:in `call'
  actionpack (4.2.5) lib/action_dispatch/middleware/debug_exceptions.rb:17:in `call'
  web-console (2.3.0) lib/web_console/middleware.rb:28:in `block in call'
  web-console (2.3.0) lib/web_console/middleware.rb:18:in `catch'
  web-console (2.3.0) lib/web_console/middleware.rb:18:in `call'
  actionpack (4.2.5) lib/action_dispatch/middleware/show_exceptions.rb:30:in `call'
  railties (4.2.5) lib/rails/rack/logger.rb:38:in `call_app'
  railties (4.2.5) lib/rails/rack/logger.rb:20:in `block in call'
  activesupport (4.2.5) lib/active_support/tagged_logging.rb:68:in `block in tagged'
  activesupport (4.2.5) lib/active_support/tagged_logging.rb:26:in `tagged'
  activesupport (4.2.5) lib/active_support/tagged_logging.rb:68:in `tagged'
  railties (4.2.5) lib/rails/rack/logger.rb:20:in `call'
  actionpack (4.2.5) lib/action_dispatch/middleware/request_id.rb:21:in `call'
  rack (1.6.4) lib/rack/methodoverride.rb:22:in `call'
  rack (1.6.4) lib/rack/runtime.rb:18:in `call'
  activesupport (4.2.5) lib/active_support/cache/strategy/local_cache_middleware.rb:28:in `call'
  rack (1.6.4) lib/rack/lock.rb:17:in `call'
  actionpack (4.2.5) lib/action_dispatch/middleware/static.rb:116:in `call'
  rack (1.6.4) lib/rack/sendfile.rb:113:in `call'
  railties (4.2.5) lib/rails/engine.rb:518:in `call'
  railties (4.2.5) lib/rails/application.rb:165:in `call'
  rack (1.6.4) lib/rack/lock.rb:17:in `call'
  rack (1.6.4) lib/rack/content_length.rb:15:in `call'
  rack (1.6.4) lib/rack/handler/webrick.rb:88:in `service'
  /Users/mswieboda/.rbenv/versions/2.3.4/lib/ruby/2.3.0/webrick/httpserver.rb:140:in `service'
  /Users/mswieboda/.rbenv/versions/2.3.4/lib/ruby/2.3.0/webrick/httpserver.rb:96:in `run'
  /Users/mswieboda/.rbenv/versions/2.3.4/lib/ruby/2.3.0/webrick/server.rb:296:in `block in start_thread'


  Rendered /Users/mswieboda/.rbenv/versions/2.3.4/lib/ruby/gems/2.3.0/gems/actionpack-4.2.5/lib/action_dispatch/middleware/templates/rescues/_source.erb (2.7ms)
  Rendered /Users/mswieboda/.rbenv/versions/2.3.4/lib/ruby/gems/2.3.0/gems/actionpack-4.2.5/lib/action_dispatch/middleware/templates/rescues/_trace.html.erb (1.5ms)
  Rendered /Users/mswieboda/.rbenv/versions/2.3.4/lib/ruby/gems/2.3.0/gems/actionpack-4.2.5/lib/action_dispatch/middleware/templates/rescues/_request_and_response.html.erb (0.8ms)
  Rendered /Users/mswieboda/.rbenv/versions/2.3.4/lib/ruby/gems/2.3.0/gems/actionpack-4.2.5/lib/action_dispatch/middleware/templates/rescues/diagnostics.html.erb within rescues/layout (57.3ms)
  Rendered /Users/mswieboda/.rbenv/versions/2.3.4/lib/ruby/gems/2.3.0/gems/web-console-2.3.0/lib/web_console/templates/_markup.html.erb (0.4ms)
  Rendered /Users/mswieboda/.rbenv/versions/2.3.4/lib/ruby/gems/2.3.0/gems/web-console-2.3.0/lib/web_console/templates/_inner_console_markup.html.erb within layouts/inlined_string (0.6ms)
  Rendered /Users/mswieboda/.rbenv/versions/2.3.4/lib/ruby/gems/2.3.0/gems/web-console-2.3.0/lib/web_console/templates/_prompt_box_markup.html.erb within layouts/inlined_string (0.6ms)
  Rendered /Users/mswieboda/.rbenv/versions/2.3.4/lib/ruby/gems/2.3.0/gems/web-console-2.3.0/lib/web_console/templates/style.css.erb within layouts/inlined_string (0.3ms)
  Rendered /Users/mswieboda/.rbenv/versions/2.3.4/lib/ruby/gems/2.3.0/gems/web-console-2.3.0/lib/web_console/templates/console.js.erb within layouts/javascript (59.6ms)
  Rendered /Users/mswieboda/.rbenv/versions/2.3.4/lib/ruby/gems/2.3.0/gems/web-console-2.3.0/lib/web_console/templates/main.js.erb within layouts/javascript (0.3ms)
  Rendered /Users/mswieboda/.rbenv/versions/2.3.4/lib/ruby/gems/2.3.0/gems/web-console-2.3.0/lib/web_console/templates/error_page.js.erb within layouts/javascript (0.9ms)
  Rendered /Users/mswieboda/.rbenv/versions/2.3.4/lib/ruby/gems/2.3.0/gems/web-console-2.3.0/lib/web_console/templates/index.html.erb (124.1ms)


Started GET "/" for ::1 at 2017-10-24 20:04:30 -0500

PG::ConnectionBad (could not connect to server: No such file or directory
	Is the server running locally and accepting
	connections on Unix domain socket "/var/pgsql_socket/.s.PGSQL.5432"?
):
  activerecord (4.2.5) lib/active_record/connection_adapters/postgresql_adapter.rb:651:in `initialize'
  activerecord (4.2.5) lib/active_record/connection_adapters/postgresql_adapter.rb:651:in `new'
  activerecord (4.2.5) lib/active_record/connection_adapters/postgresql_adapter.rb:651:in `connect'
  activerecord (4.2.5) lib/active_record/connection_adapters/postgresql_adapter.rb:242:in `initialize'
  activerecord (4.2.5) lib/active_record/connection_adapters/postgresql_adapter.rb:44:in `new'
  activerecord (4.2.5) lib/active_record/connection_adapters/postgresql_adapter.rb:44:in `postgresql_connection'
  activerecord (4.2.5) lib/active_record/connection_adapters/abstract/connection_pool.rb:438:in `new_connection'
  activerecord (4.2.5) lib/active_record/connection_adapters/abstract/connection_pool.rb:448:in `checkout_new_connection'
  activerecord (4.2.5) lib/active_record/connection_adapters/abstract/connection_pool.rb:422:in `acquire_connection'
  activerecord (4.2.5) lib/active_record/connection_adapters/abstract/connection_pool.rb:349:in `block in checkout'
  /Users/mswieboda/.rbenv/versions/2.3.4/lib/ruby/2.3.0/monitor.rb:214:in `mon_synchronize'
  activerecord (4.2.5) lib/active_record/connection_adapters/abstract/connection_pool.rb:348:in `checkout'
  activerecord (4.2.5) lib/active_record/connection_adapters/abstract/connection_pool.rb:263:in `block in connection'
  /Users/mswieboda/.rbenv/versions/2.3.4/lib/ruby/2.3.0/monitor.rb:214:in `mon_synchronize'
  activerecord (4.2.5) lib/active_record/connection_adapters/abstract/connection_pool.rb:262:in `connection'
  activerecord (4.2.5) lib/active_record/connection_adapters/abstract/connection_pool.rb:571:in `retrieve_connection'
  activerecord (4.2.5) lib/active_record/connection_handling.rb:113:in `retrieve_connection'
  activerecord (4.2.5) lib/active_record/connection_handling.rb:87:in `connection'
  activerecord (4.2.5) lib/active_record/migration.rb:383:in `connection'
  activerecord (4.2.5) lib/active_record/migration.rb:370:in `call'
  actionpack (4.2.5) lib/action_dispatch/middleware/callbacks.rb:29:in `block in call'
  activesupport (4.2.5) lib/active_support/callbacks.rb:88:in `__run_callbacks__'
  activesupport (4.2.5) lib/active_support/callbacks.rb:778:in `_run_call_callbacks'
  activesupport (4.2.5) lib/active_support/callbacks.rb:81:in `run_callbacks'
  actionpack (4.2.5) lib/action_dispatch/middleware/callbacks.rb:27:in `call'
  actionpack (4.2.5) lib/action_dispatch/middleware/reloader.rb:73:in `call'
  actionpack (4.2.5) lib/action_dispatch/middleware/remote_ip.rb:78:in `call'
  actionpack (4.2.5) lib/action_dispatch/middleware/debug_exceptions.rb:17:in `call'
  web-console (2.3.0) lib/web_console/middleware.rb:28:in `block in call'
  web-console (2.3.0) lib/web_console/middleware.rb:18:in `catch'
  web-console (2.3.0) lib/web_console/middleware.rb:18:in `call'
  actionpack (4.2.5) lib/action_dispatch/middleware/show_exceptions.rb:30:in `call'
  railties (4.2.5) lib/rails/rack/logger.rb:38:in `call_app'
  railties (4.2.5) lib/rails/rack/logger.rb:20:in `block in call'
  activesupport (4.2.5) lib/active_support/tagged_logging.rb:68:in `block in tagged'
  activesupport (4.2.5) lib/active_support/tagged_logging.rb:26:in `tagged'
  activesupport (4.2.5) lib/active_support/tagged_logging.rb:68:in `tagged'
  railties (4.2.5) lib/rails/rack/logger.rb:20:in `call'
  actionpack (4.2.5) lib/action_dispatch/middleware/request_id.rb:21:in `call'
  rack (1.6.4) lib/rack/methodoverride.rb:22:in `call'
  rack (1.6.4) lib/rack/runtime.rb:18:in `call'
  activesupport (4.2.5) lib/active_support/cache/strategy/local_cache_middleware.rb:28:in `call'
  rack (1.6.4) lib/rack/lock.rb:17:in `call'
  actionpack (4.2.5) lib/action_dispatch/middleware/static.rb:116:in `call'
  rack (1.6.4) lib/rack/sendfile.rb:113:in `call'
  railties (4.2.5) lib/rails/engine.rb:518:in `call'
  railties (4.2.5) lib/rails/application.rb:165:in `call'
  rack (1.6.4) lib/rack/lock.rb:17:in `call'
  rack (1.6.4) lib/rack/content_length.rb:15:in `call'
  rack (1.6.4) lib/rack/handler/webrick.rb:88:in `service'
  /Users/mswieboda/.rbenv/versions/2.3.4/lib/ruby/2.3.0/webrick/httpserver.rb:140:in `service'
  /Users/mswieboda/.rbenv/versions/2.3.4/lib/ruby/2.3.0/webrick/httpserver.rb:96:in `run'
  /Users/mswieboda/.rbenv/versions/2.3.4/lib/ruby/2.3.0/webrick/server.rb:296:in `block in start_thread'


  Rendered /Users/mswieboda/.rbenv/versions/2.3.4/lib/ruby/gems/2.3.0/gems/actionpack-4.2.5/lib/action_dispatch/middleware/templates/rescues/_source.erb (3.6ms)
  Rendered /Users/mswieboda/.rbenv/versions/2.3.4/lib/ruby/gems/2.3.0/gems/actionpack-4.2.5/lib/action_dispatch/middleware/templates/rescues/_trace.html.erb (3.2ms)
  Rendered /Users/mswieboda/.rbenv/versions/2.3.4/lib/ruby/gems/2.3.0/gems/actionpack-4.2.5/lib/action_dispatch/middleware/templates/rescues/_request_and_response.html.erb (0.8ms)
  Rendered /Users/mswieboda/.rbenv/versions/2.3.4/lib/ruby/gems/2.3.0/gems/actionpack-4.2.5/lib/action_dispatch/middleware/templates/rescues/diagnostics.html.erb within rescues/layout (61.7ms)
  Rendered /Users/mswieboda/.rbenv/versions/2.3.4/lib/ruby/gems/2.3.0/gems/web-console-2.3.0/lib/web_console/templates/_markup.html.erb (0.4ms)
  Rendered /Users/mswieboda/.rbenv/versions/2.3.4/lib/ruby/gems/2.3.0/gems/web-console-2.3.0/lib/web_console/templates/_inner_console_markup.html.erb within layouts/inlined_string (0.3ms)
  Rendered /Users/mswieboda/.rbenv/versions/2.3.4/lib/ruby/gems/2.3.0/gems/web-console-2.3.0/lib/web_console/templates/_prompt_box_markup.html.erb within layouts/inlined_string (0.3ms)
  Rendered /Users/mswieboda/.rbenv/versions/2.3.4/lib/ruby/gems/2.3.0/gems/web-console-2.3.0/lib/web_console/templates/style.css.erb within layouts/inlined_string (0.3ms)
  Rendered /Users/mswieboda/.rbenv/versions/2.3.4/lib/ruby/gems/2.3.0/gems/web-console-2.3.0/lib/web_console/templates/console.js.erb within layouts/javascript (53.3ms)
  Rendered /Users/mswieboda/.rbenv/versions/2.3.4/lib/ruby/gems/2.3.0/gems/web-console-2.3.0/lib/web_console/templates/main.js.erb within layouts/javascript (0.3ms)
  Rendered /Users/mswieboda/.rbenv/versions/2.3.4/lib/ruby/gems/2.3.0/gems/web-console-2.3.0/lib/web_console/templates/error_page.js.erb within layouts/javascript (0.4ms)
  Rendered /Users/mswieboda/.rbenv/versions/2.3.4/lib/ruby/gems/2.3.0/gems/web-console-2.3.0/lib/web_console/templates/index.html.erb (122.4ms)


Started GET "/favicon.ico" for ::1 at 2017-10-24 20:04:30 -0500

PG::ConnectionBad (could not connect to server: No such file or directory
	Is the server running locally and accepting
	connections on Unix domain socket "/var/pgsql_socket/.s.PGSQL.5432"?
):
  activerecord (4.2.5) lib/active_record/connection_adapters/postgresql_adapter.rb:651:in `initialize'
  activerecord (4.2.5) lib/active_record/connection_adapters/postgresql_adapter.rb:651:in `new'
  activerecord (4.2.5) lib/active_record/connection_adapters/postgresql_adapter.rb:651:in `connect'
  activerecord (4.2.5) lib/active_record/connection_adapters/postgresql_adapter.rb:242:in `initialize'
  activerecord (4.2.5) lib/active_record/connection_adapters/postgresql_adapter.rb:44:in `new'
  activerecord (4.2.5) lib/active_record/connection_adapters/postgresql_adapter.rb:44:in `postgresql_connection'
  activerecord (4.2.5) lib/active_record/connection_adapters/abstract/connection_pool.rb:438:in `new_connection'
  activerecord (4.2.5) lib/active_record/connection_adapters/abstract/connection_pool.rb:448:in `checkout_new_connection'
  activerecord (4.2.5) lib/active_record/connection_adapters/abstract/connection_pool.rb:422:in `acquire_connection'
  activerecord (4.2.5) lib/active_record/connection_adapters/abstract/connection_pool.rb:349:in `block in checkout'
  /Users/mswieboda/.rbenv/versions/2.3.4/lib/ruby/2.3.0/monitor.rb:214:in `mon_synchronize'
  activerecord (4.2.5) lib/active_record/connection_adapters/abstract/connection_pool.rb:348:in `checkout'
  activerecord (4.2.5) lib/active_record/connection_adapters/abstract/connection_pool.rb:263:in `block in connection'
  /Users/mswieboda/.rbenv/versions/2.3.4/lib/ruby/2.3.0/monitor.rb:214:in `mon_synchronize'
  activerecord (4.2.5) lib/active_record/connection_adapters/abstract/connection_pool.rb:262:in `connection'
  activerecord (4.2.5) lib/active_record/connection_adapters/abstract/connection_pool.rb:571:in `retrieve_connection'
  activerecord (4.2.5) lib/active_record/connection_handling.rb:113:in `retrieve_connection'
  activerecord (4.2.5) lib/active_record/connection_handling.rb:87:in `connection'
  activerecord (4.2.5) lib/active_record/migration.rb:383:in `connection'
  activerecord (4.2.5) lib/active_record/migration.rb:370:in `call'
  actionpack (4.2.5) lib/action_dispatch/middleware/callbacks.rb:29:in `block in call'
  activesupport (4.2.5) lib/active_support/callbacks.rb:88:in `__run_callbacks__'
  activesupport (4.2.5) lib/active_support/callbacks.rb:778:in `_run_call_callbacks'
  activesupport (4.2.5) lib/active_support/callbacks.rb:81:in `run_callbacks'
  actionpack (4.2.5) lib/action_dispatch/middleware/callbacks.rb:27:in `call'
  actionpack (4.2.5) lib/action_dispatch/middleware/reloader.rb:73:in `call'
  actionpack (4.2.5) lib/action_dispatch/middleware/remote_ip.rb:78:in `call'
  actionpack (4.2.5) lib/action_dispatch/middleware/debug_exceptions.rb:17:in `call'
  web-console (2.3.0) lib/web_console/middleware.rb:28:in `block in call'
  web-console (2.3.0) lib/web_console/middleware.rb:18:in `catch'
  web-console (2.3.0) lib/web_console/middleware.rb:18:in `call'
  actionpack (4.2.5) lib/action_dispatch/middleware/show_exceptions.rb:30:in `call'
  railties (4.2.5) lib/rails/rack/logger.rb:38:in `call_app'
  railties (4.2.5) lib/rails/rack/logger.rb:20:in `block in call'
  activesupport (4.2.5) lib/active_support/tagged_logging.rb:68:in `block in tagged'
  activesupport (4.2.5) lib/active_support/tagged_logging.rb:26:in `tagged'
  activesupport (4.2.5) lib/active_support/tagged_logging.rb:68:in `tagged'
  railties (4.2.5) lib/rails/rack/logger.rb:20:in `call'
  actionpack (4.2.5) lib/action_dispatch/middleware/request_id.rb:21:in `call'
  rack (1.6.4) lib/rack/methodoverride.rb:22:in `call'
  rack (1.6.4) lib/rack/runtime.rb:18:in `call'
  activesupport (4.2.5) lib/active_support/cache/strategy/local_cache_middleware.rb:28:in `call'
  rack (1.6.4) lib/rack/lock.rb:17:in `call'
  actionpack (4.2.5) lib/action_dispatch/middleware/static.rb:116:in `call'
  rack (1.6.4) lib/rack/sendfile.rb:113:in `call'
  railties (4.2.5) lib/rails/engine.rb:518:in `call'
  railties (4.2.5) lib/rails/application.rb:165:in `call'
  rack (1.6.4) lib/rack/lock.rb:17:in `call'
  rack (1.6.4) lib/rack/content_length.rb:15:in `call'
  rack (1.6.4) lib/rack/handler/webrick.rb:88:in `service'
  /Users/mswieboda/.rbenv/versions/2.3.4/lib/ruby/2.3.0/webrick/httpserver.rb:140:in `service'
  /Users/mswieboda/.rbenv/versions/2.3.4/lib/ruby/2.3.0/webrick/httpserver.rb:96:in `run'
  /Users/mswieboda/.rbenv/versions/2.3.4/lib/ruby/2.3.0/webrick/server.rb:296:in `block in start_thread'


  Rendered /Users/mswieboda/.rbenv/versions/2.3.4/lib/ruby/gems/2.3.0/gems/actionpack-4.2.5/lib/action_dispatch/middleware/templates/rescues/_source.erb (2.9ms)
  Rendered /Users/mswieboda/.rbenv/versions/2.3.4/lib/ruby/gems/2.3.0/gems/actionpack-4.2.5/lib/action_dispatch/middleware/templates/rescues/_trace.html.erb (1.6ms)
  Rendered /Users/mswieboda/.rbenv/versions/2.3.4/lib/ruby/gems/2.3.0/gems/actionpack-4.2.5/lib/action_dispatch/middleware/templates/rescues/_request_and_response.html.erb (1.1ms)
  Rendered /Users/mswieboda/.rbenv/versions/2.3.4/lib/ruby/gems/2.3.0/gems/actionpack-4.2.5/lib/action_dispatch/middleware/templates/rescues/diagnostics.html.erb within rescues/layout (64.1ms)
  Rendered /Users/mswieboda/.rbenv/versions/2.3.4/lib/ruby/gems/2.3.0/gems/web-console-2.3.0/lib/web_console/templates/_markup.html.erb (0.3ms)
  Rendered /Users/mswieboda/.rbenv/versions/2.3.4/lib/ruby/gems/2.3.0/gems/web-console-2.3.0/lib/web_console/templates/_inner_console_markup.html.erb within layouts/inlined_string (0.3ms)
  Rendered /Users/mswieboda/.rbenv/versions/2.3.4/lib/ruby/gems/2.3.0/gems/web-console-2.3.0/lib/web_console/templates/_prompt_box_markup.html.erb within layouts/inlined_string (0.2ms)
  Rendered /Users/mswieboda/.rbenv/versions/2.3.4/lib/ruby/gems/2.3.0/gems/web-console-2.3.0/lib/web_console/templates/style.css.erb within layouts/inlined_string (0.3ms)
  Rendered /Users/mswieboda/.rbenv/versions/2.3.4/lib/ruby/gems/2.3.0/gems/web-console-2.3.0/lib/web_console/templates/console.js.erb within layouts/javascript (50.5ms)
  Rendered /Users/mswieboda/.rbenv/versions/2.3.4/lib/ruby/gems/2.3.0/gems/web-console-2.3.0/lib/web_console/templates/main.js.erb within layouts/javascript (0.3ms)
  Rendered /Users/mswieboda/.rbenv/versions/2.3.4/lib/ruby/gems/2.3.0/gems/web-console-2.3.0/lib/web_console/templates/error_page.js.erb within layouts/javascript (0.4ms)
  Rendered /Users/mswieboda/.rbenv/versions/2.3.4/lib/ruby/gems/2.3.0/gems/web-console-2.3.0/lib/web_console/templates/index.html.erb (114.5ms)
**WARNING** ReactOnRails: ReactOnRails gem and node package MAJOR versions do not match
                     gem: 6.0.5
            node package: 8.0.5
Ensure the installed MAJOR version of the gem is the same as the MAJOR version of 
your installed node package.
**WARNING** ReactOnRails: ReactOnRails gem and node package MAJOR versions do not match
                     gem: 6.0.5
            node package: 8.0.5
Ensure the installed MAJOR version of the gem is the same as the MAJOR version of 
your installed node package.
**WARNING** ReactOnRails: ReactOnRails gem and node package MAJOR versions do not match
                     gem: 6.0.5
            node package: 8.0.5
Ensure the installed MAJOR version of the gem is the same as the MAJOR version of 
your installed node package.
